<?xml version="1.0" encoding="UTF-8"?>
<testsuite name="com.takado.myportfoliobackend.MyPortfolioBackendApplicationTests" tests="1" skipped="0" failures="0" errors="0" timestamp="2021-10-27T18:40:27" hostname="LAPTOP-LF601L0C" time="0.005">
  <properties/>
  <testcase name="contextLoads()" classname="com.takado.myportfoliobackend.MyPortfolioBackendApplicationTests" time="0.005"/>
  <system-out><![CDATA[2021-10-27 20:40:27.880  INFO 21744 --- [    Test worker] .b.t.c.SpringBootTestContextBootstrapper : Neither @ContextConfiguration nor @ContextHierarchy found for test class [com.takado.myportfoliobackend.MyPortfolioBackendApplicationTests], using SpringBootContextLoader
2021-10-27 20:40:27.881  INFO 21744 --- [    Test worker] o.s.t.c.support.AbstractContextLoader    : Could not detect default resource locations for test class [com.takado.myportfoliobackend.MyPortfolioBackendApplicationTests]: no resource found for suffixes {-context.xml, Context.groovy}.
2021-10-27 20:40:27.881  INFO 21744 --- [    Test worker] t.c.s.AnnotationConfigContextLoaderUtils : Could not detect default configuration classes for test class [com.takado.myportfoliobackend.MyPortfolioBackendApplicationTests]: MyPortfolioBackendApplicationTests does not declare any static, non-private, non-final, nested classes annotated with @Configuration.
2021-10-27 20:40:27.884  INFO 21744 --- [    Test worker] .b.t.c.SpringBootTestContextBootstrapper : Found @SpringBootConfiguration com.takado.myportfoliobackend.MyPortfolioBackendApplication for test class com.takado.myportfoliobackend.MyPortfolioBackendApplicationTests
2021-10-27 20:40:27.886  INFO 21744 --- [    Test worker] .b.t.c.SpringBootTestContextBootstrapper : Loaded default TestExecutionListener class names from location [META-INF/spring.factories]: [org.springframework.boot.test.autoconfigure.restdocs.RestDocsTestExecutionListener, org.springframework.boot.test.autoconfigure.web.client.MockRestServiceServerResetTestExecutionListener, org.springframework.boot.test.autoconfigure.web.servlet.MockMvcPrintOnlyOnFailureTestExecutionListener, org.springframework.boot.test.autoconfigure.web.servlet.WebDriverTestExecutionListener, org.springframework.boot.test.autoconfigure.webservices.client.MockWebServiceServerTestExecutionListener, org.springframework.boot.test.mock.mockito.MockitoTestExecutionListener, org.springframework.boot.test.mock.mockito.ResetMocksTestExecutionListener, org.springframework.test.context.web.ServletTestExecutionListener, org.springframework.test.context.support.DirtiesContextBeforeModesTestExecutionListener, org.springframework.test.context.event.ApplicationEventsTestExecutionListener, org.springframework.test.context.support.DependencyInjectionTestExecutionListener, org.springframework.test.context.support.DirtiesContextTestExecutionListener, org.springframework.test.context.transaction.TransactionalTestExecutionListener, org.springframework.test.context.jdbc.SqlScriptsTestExecutionListener, org.springframework.test.context.event.EventPublishingTestExecutionListener]
2021-10-27 20:40:27.886  INFO 21744 --- [    Test worker] .b.t.c.SpringBootTestContextBootstrapper : Using TestExecutionListeners: [org.springframework.test.context.web.ServletTestExecutionListener@72161dbb, org.springframework.test.context.support.DirtiesContextBeforeModesTestExecutionListener@69ca71b3, org.springframework.test.context.event.ApplicationEventsTestExecutionListener@371a7fd5, org.springframework.boot.test.mock.mockito.MockitoTestExecutionListener@f41db7f, org.springframework.boot.test.autoconfigure.SpringBootDependencyInjectionTestExecutionListener@4df8f4e9, org.springframework.test.context.support.DirtiesContextTestExecutionListener@7785430c, org.springframework.test.context.transaction.TransactionalTestExecutionListener@13056efe, org.springframework.test.context.jdbc.SqlScriptsTestExecutionListener@121ec5c2, org.springframework.test.context.event.EventPublishingTestExecutionListener@184b24d4, org.springframework.boot.test.autoconfigure.restdocs.RestDocsTestExecutionListener@450b99f2, org.springframework.boot.test.autoconfigure.web.client.MockRestServiceServerResetTestExecutionListener@7dc16d33, org.springframework.boot.test.autoconfigure.web.servlet.MockMvcPrintOnlyOnFailureTestExecutionListener@1915879c, org.springframework.boot.test.autoconfigure.web.servlet.WebDriverTestExecutionListener@58397dee, org.springframework.boot.test.autoconfigure.webservices.client.MockWebServiceServerTestExecutionListener@4164ab12, org.springframework.boot.test.mock.mockito.ResetMocksTestExecutionListener@37bafef8]
]]></system-out>
  <system-err><![CDATA[]]></system-err>
</testsuite>
