<?xml version="1.0" encoding="UTF-8"?>
<testsuite name="com.takado.myportfoliobackend.facade.AssetFacadeTest" tests="7" skipped="0" failures="0" errors="0" timestamp="2021-10-27T18:40:26" hostname="LAPTOP-LF601L0C" time="1.104">
  <properties/>
  <testcase name="deleteAsset()" classname="com.takado.myportfoliobackend.facade.AssetFacadeTest" time="0.28"/>
  <testcase name="updateAsset()" classname="com.takado.myportfoliobackend.facade.AssetFacadeTest" time="0.129"/>
  <testcase name="createAsset()" classname="com.takado.myportfoliobackend.facade.AssetFacadeTest" time="0.113"/>
  <testcase name="ping()" classname="com.takado.myportfoliobackend.facade.AssetFacadeTest" time="0.067"/>
  <testcase name="getAssets()" classname="com.takado.myportfoliobackend.facade.AssetFacadeTest" time="0.293"/>
  <testcase name="testGetAssets()" classname="com.takado.myportfoliobackend.facade.AssetFacadeTest" time="0.145"/>
  <testcase name="getAsset()" classname="com.takado.myportfoliobackend.facade.AssetFacadeTest" time="0.069"/>
  <system-out><![CDATA[2021-10-27 20:40:26.427  INFO 21744 --- [    Test worker] .b.t.c.SpringBootTestContextBootstrapper : Neither @ContextConfiguration nor @ContextHierarchy found for test class [com.takado.myportfoliobackend.facade.AssetFacadeTest], using SpringBootContextLoader
2021-10-27 20:40:26.428  INFO 21744 --- [    Test worker] o.s.t.c.support.AbstractContextLoader    : Could not detect default resource locations for test class [com.takado.myportfoliobackend.facade.AssetFacadeTest]: no resource found for suffixes {-context.xml, Context.groovy}.
2021-10-27 20:40:26.429  INFO 21744 --- [    Test worker] t.c.s.AnnotationConfigContextLoaderUtils : Could not detect default configuration classes for test class [com.takado.myportfoliobackend.facade.AssetFacadeTest]: AssetFacadeTest does not declare any static, non-private, non-final, nested classes annotated with @Configuration.
2021-10-27 20:40:26.437  INFO 21744 --- [    Test worker] .b.t.c.SpringBootTestContextBootstrapper : Found @SpringBootConfiguration com.takado.myportfoliobackend.MyPortfolioBackendApplication for test class com.takado.myportfoliobackend.facade.AssetFacadeTest
2021-10-27 20:40:26.439  INFO 21744 --- [    Test worker] .b.t.c.SpringBootTestContextBootstrapper : Loaded default TestExecutionListener class names from location [META-INF/spring.factories]: [org.springframework.boot.test.autoconfigure.restdocs.RestDocsTestExecutionListener, org.springframework.boot.test.autoconfigure.web.client.MockRestServiceServerResetTestExecutionListener, org.springframework.boot.test.autoconfigure.web.servlet.MockMvcPrintOnlyOnFailureTestExecutionListener, org.springframework.boot.test.autoconfigure.web.servlet.WebDriverTestExecutionListener, org.springframework.boot.test.autoconfigure.webservices.client.MockWebServiceServerTestExecutionListener, org.springframework.boot.test.mock.mockito.MockitoTestExecutionListener, org.springframework.boot.test.mock.mockito.ResetMocksTestExecutionListener, org.springframework.test.context.web.ServletTestExecutionListener, org.springframework.test.context.support.DirtiesContextBeforeModesTestExecutionListener, org.springframework.test.context.event.ApplicationEventsTestExecutionListener, org.springframework.test.context.support.DependencyInjectionTestExecutionListener, org.springframework.test.context.support.DirtiesContextTestExecutionListener, org.springframework.test.context.transaction.TransactionalTestExecutionListener, org.springframework.test.context.jdbc.SqlScriptsTestExecutionListener, org.springframework.test.context.event.EventPublishingTestExecutionListener]
2021-10-27 20:40:26.440  INFO 21744 --- [    Test worker] .b.t.c.SpringBootTestContextBootstrapper : Using TestExecutionListeners: [org.springframework.test.context.web.ServletTestExecutionListener@20e4e27f, org.springframework.test.context.support.DirtiesContextBeforeModesTestExecutionListener@36d7e8d2, org.springframework.test.context.event.ApplicationEventsTestExecutionListener@715ea64a, org.springframework.boot.test.mock.mockito.MockitoTestExecutionListener@1cbb394b, org.springframework.boot.test.autoconfigure.SpringBootDependencyInjectionTestExecutionListener@1b4bc7b9, org.springframework.test.context.support.DirtiesContextTestExecutionListener@12d33d7a, org.springframework.test.context.transaction.TransactionalTestExecutionListener@16bbb59c, org.springframework.test.context.jdbc.SqlScriptsTestExecutionListener@538fb761, org.springframework.test.context.event.EventPublishingTestExecutionListener@163cd4a6, org.springframework.boot.test.autoconfigure.restdocs.RestDocsTestExecutionListener@1d0f03f6, org.springframework.boot.test.autoconfigure.web.client.MockRestServiceServerResetTestExecutionListener@5653429e, org.springframework.boot.test.autoconfigure.web.servlet.MockMvcPrintOnlyOnFailureTestExecutionListener@78c9c38a, org.springframework.boot.test.autoconfigure.web.servlet.WebDriverTestExecutionListener@8a0a1d1, org.springframework.boot.test.autoconfigure.webservices.client.MockWebServiceServerTestExecutionListener@6dd50380, org.springframework.boot.test.mock.mockito.ResetMocksTestExecutionListener@215efb16]
Hibernate: select ticker0_.id as id1_1_0_, ticker0_.coin_id as coin_id2_1_0_, ticker0_.ticker as ticker3_1_0_, assets1_.ticker_id as ticker_i4_0_1_, assets1_.id as id1_0_1_, assets1_.id as id1_0_2_, assets1_.amount as amount2_0_2_, assets1_.ticker_id as ticker_i4_0_2_, assets1_.user_id as user_id5_0_2_, assets1_.value_in as value_in3_0_2_, user2_.id as id1_2_3_, user2_.displayed_name as displaye2_2_3_, user2_.email as email3_2_3_, user2_.name_hash as name_has4_2_3_ from tickers ticker0_ left outer join assets assets1_ on ticker0_.id=assets1_.ticker_id left outer join users user2_ on assets1_.user_id=user2_.id where ticker0_.id=?
Hibernate: select assets0_.user_id as user_id5_0_0_, assets0_.id as id1_0_0_, assets0_.id as id1_0_1_, assets0_.amount as amount2_0_1_, assets0_.ticker_id as ticker_i4_0_1_, assets0_.user_id as user_id5_0_1_, assets0_.value_in as value_in3_0_1_, ticker1_.id as id1_1_2_, ticker1_.coin_id as coin_id2_1_2_, ticker1_.ticker as ticker3_1_2_ from assets assets0_ inner join tickers ticker1_ on assets0_.ticker_id=ticker1_.id where assets0_.user_id=?
Hibernate: select assets0_.ticker_id as ticker_i4_0_0_, assets0_.id as id1_0_0_, assets0_.id as id1_0_1_, assets0_.amount as amount2_0_1_, assets0_.ticker_id as ticker_i4_0_1_, assets0_.user_id as user_id5_0_1_, assets0_.value_in as value_in3_0_1_, user1_.id as id1_2_2_, user1_.displayed_name as displaye2_2_2_, user1_.email as email3_2_2_, user1_.name_hash as name_has4_2_2_ from assets assets0_ left outer join users user1_ on assets0_.user_id=user1_.id where assets0_.ticker_id=?
Hibernate: select assets0_.ticker_id as ticker_i4_0_0_, assets0_.id as id1_0_0_, assets0_.id as id1_0_1_, assets0_.amount as amount2_0_1_, assets0_.ticker_id as ticker_i4_0_1_, assets0_.user_id as user_id5_0_1_, assets0_.value_in as value_in3_0_1_, user1_.id as id1_2_2_, user1_.displayed_name as displaye2_2_2_, user1_.email as email3_2_2_, user1_.name_hash as name_has4_2_2_ from assets assets0_ left outer join users user1_ on assets0_.user_id=user1_.id where assets0_.ticker_id=?
Hibernate: select assets0_.ticker_id as ticker_i4_0_0_, assets0_.id as id1_0_0_, assets0_.id as id1_0_1_, assets0_.amount as amount2_0_1_, assets0_.ticker_id as ticker_i4_0_1_, assets0_.user_id as user_id5_0_1_, assets0_.value_in as value_in3_0_1_, user1_.id as id1_2_2_, user1_.displayed_name as displaye2_2_2_, user1_.email as email3_2_2_, user1_.name_hash as name_has4_2_2_ from assets assets0_ left outer join users user1_ on assets0_.user_id=user1_.id where assets0_.ticker_id=?
Hibernate: select user0_.id as id1_2_0_, user0_.displayed_name as displaye2_2_0_, user0_.email as email3_2_0_, user0_.name_hash as name_has4_2_0_, assets1_.user_id as user_id5_0_1_, assets1_.id as id1_0_1_, assets1_.id as id1_0_2_, assets1_.amount as amount2_0_2_, assets1_.ticker_id as ticker_i4_0_2_, assets1_.user_id as user_id5_0_2_, assets1_.value_in as value_in3_0_2_, ticker2_.id as id1_1_3_, ticker2_.coin_id as coin_id2_1_3_, ticker2_.ticker as ticker3_1_3_ from users user0_ left outer join assets assets1_ on user0_.id=assets1_.user_id left outer join tickers ticker2_ on assets1_.ticker_id=ticker2_.id where user0_.id=?
Hibernate: select assets0_.ticker_id as ticker_i4_0_0_, assets0_.id as id1_0_0_, assets0_.id as id1_0_1_, assets0_.amount as amount2_0_1_, assets0_.ticker_id as ticker_i4_0_1_, assets0_.user_id as user_id5_0_1_, assets0_.value_in as value_in3_0_1_, user1_.id as id1_2_2_, user1_.displayed_name as displaye2_2_2_, user1_.email as email3_2_2_, user1_.name_hash as name_has4_2_2_ from assets assets0_ left outer join users user1_ on assets0_.user_id=user1_.id where assets0_.ticker_id=?
Hibernate: select assets0_.ticker_id as ticker_i4_0_0_, assets0_.id as id1_0_0_, assets0_.id as id1_0_1_, assets0_.amount as amount2_0_1_, assets0_.ticker_id as ticker_i4_0_1_, assets0_.user_id as user_id5_0_1_, assets0_.value_in as value_in3_0_1_, user1_.id as id1_2_2_, user1_.displayed_name as displaye2_2_2_, user1_.email as email3_2_2_, user1_.name_hash as name_has4_2_2_ from assets assets0_ left outer join users user1_ on assets0_.user_id=user1_.id where assets0_.ticker_id=?
Hibernate: select assets0_.ticker_id as ticker_i4_0_0_, assets0_.id as id1_0_0_, assets0_.id as id1_0_1_, assets0_.amount as amount2_0_1_, assets0_.ticker_id as ticker_i4_0_1_, assets0_.user_id as user_id5_0_1_, assets0_.value_in as value_in3_0_1_, user1_.id as id1_2_2_, user1_.displayed_name as displaye2_2_2_, user1_.email as email3_2_2_, user1_.name_hash as name_has4_2_2_ from assets assets0_ left outer join users user1_ on assets0_.user_id=user1_.id where assets0_.ticker_id=?
Hibernate: select assets0_.ticker_id as ticker_i4_0_0_, assets0_.id as id1_0_0_, assets0_.id as id1_0_1_, assets0_.amount as amount2_0_1_, assets0_.ticker_id as ticker_i4_0_1_, assets0_.user_id as user_id5_0_1_, assets0_.value_in as value_in3_0_1_, user1_.id as id1_2_2_, user1_.displayed_name as displaye2_2_2_, user1_.email as email3_2_2_, user1_.name_hash as name_has4_2_2_ from assets assets0_ left outer join users user1_ on assets0_.user_id=user1_.id where assets0_.ticker_id=?
Hibernate: select next_val as id_val from hibernate_sequence for update
Hibernate: update hibernate_sequence set next_val= ? where next_val=?
Hibernate: insert into assets (amount, ticker_id, user_id, value_in, id) values (?, ?, ?, ?, ?)
Hibernate: select asset0_.id as id1_0_0_, asset0_.amount as amount2_0_0_, asset0_.ticker_id as ticker_i4_0_0_, asset0_.user_id as user_id5_0_0_, asset0_.value_in as value_in3_0_0_, ticker1_.id as id1_1_1_, ticker1_.coin_id as coin_id2_1_1_, ticker1_.ticker as ticker3_1_1_, user2_.id as id1_2_2_, user2_.displayed_name as displaye2_2_2_, user2_.email as email3_2_2_, user2_.name_hash as name_has4_2_2_ from assets asset0_ inner join tickers ticker1_ on asset0_.ticker_id=ticker1_.id left outer join users user2_ on asset0_.user_id=user2_.id where asset0_.id=?
Hibernate: select assets0_.user_id as user_id5_0_0_, assets0_.id as id1_0_0_, assets0_.id as id1_0_1_, assets0_.amount as amount2_0_1_, assets0_.ticker_id as ticker_i4_0_1_, assets0_.user_id as user_id5_0_1_, assets0_.value_in as value_in3_0_1_, ticker1_.id as id1_1_2_, ticker1_.coin_id as coin_id2_1_2_, ticker1_.ticker as ticker3_1_2_ from assets assets0_ inner join tickers ticker1_ on assets0_.ticker_id=ticker1_.id where assets0_.user_id=?
Hibernate: select assets0_.ticker_id as ticker_i4_0_0_, assets0_.id as id1_0_0_, assets0_.id as id1_0_1_, assets0_.amount as amount2_0_1_, assets0_.ticker_id as ticker_i4_0_1_, assets0_.user_id as user_id5_0_1_, assets0_.value_in as value_in3_0_1_, user1_.id as id1_2_2_, user1_.displayed_name as displaye2_2_2_, user1_.email as email3_2_2_, user1_.name_hash as name_has4_2_2_ from assets assets0_ left outer join users user1_ on assets0_.user_id=user1_.id where assets0_.ticker_id=?
Hibernate: select assets0_.ticker_id as ticker_i4_0_0_, assets0_.id as id1_0_0_, assets0_.id as id1_0_1_, assets0_.amount as amount2_0_1_, assets0_.ticker_id as ticker_i4_0_1_, assets0_.user_id as user_id5_0_1_, assets0_.value_in as value_in3_0_1_, user1_.id as id1_2_2_, user1_.displayed_name as displaye2_2_2_, user1_.email as email3_2_2_, user1_.name_hash as name_has4_2_2_ from assets assets0_ left outer join users user1_ on assets0_.user_id=user1_.id where assets0_.ticker_id=?
Hibernate: select assets0_.ticker_id as ticker_i4_0_0_, assets0_.id as id1_0_0_, assets0_.id as id1_0_1_, assets0_.amount as amount2_0_1_, assets0_.ticker_id as ticker_i4_0_1_, assets0_.user_id as user_id5_0_1_, assets0_.value_in as value_in3_0_1_, user1_.id as id1_2_2_, user1_.displayed_name as displaye2_2_2_, user1_.email as email3_2_2_, user1_.name_hash as name_has4_2_2_ from assets assets0_ left outer join users user1_ on assets0_.user_id=user1_.id where assets0_.ticker_id=?
Hibernate: select assets0_.ticker_id as ticker_i4_0_0_, assets0_.id as id1_0_0_, assets0_.id as id1_0_1_, assets0_.amount as amount2_0_1_, assets0_.ticker_id as ticker_i4_0_1_, assets0_.user_id as user_id5_0_1_, assets0_.value_in as value_in3_0_1_, user1_.id as id1_2_2_, user1_.displayed_name as displaye2_2_2_, user1_.email as email3_2_2_, user1_.name_hash as name_has4_2_2_ from assets assets0_ left outer join users user1_ on assets0_.user_id=user1_.id where assets0_.ticker_id=?
Hibernate: delete from assets where id=?
Hibernate: select asset0_.id as id1_0_0_, asset0_.amount as amount2_0_0_, asset0_.ticker_id as ticker_i4_0_0_, asset0_.user_id as user_id5_0_0_, asset0_.value_in as value_in3_0_0_, ticker1_.id as id1_1_1_, ticker1_.coin_id as coin_id2_1_1_, ticker1_.ticker as ticker3_1_1_, user2_.id as id1_2_2_, user2_.displayed_name as displaye2_2_2_, user2_.email as email3_2_2_, user2_.name_hash as name_has4_2_2_ from assets asset0_ inner join tickers ticker1_ on asset0_.ticker_id=ticker1_.id left outer join users user2_ on asset0_.user_id=user2_.id where asset0_.id=?
Hibernate: select asset0_.id as id1_0_0_, asset0_.amount as amount2_0_0_, asset0_.ticker_id as ticker_i4_0_0_, asset0_.user_id as user_id5_0_0_, asset0_.value_in as value_in3_0_0_, ticker1_.id as id1_1_1_, ticker1_.coin_id as coin_id2_1_1_, ticker1_.ticker as ticker3_1_1_, user2_.id as id1_2_2_, user2_.displayed_name as displaye2_2_2_, user2_.email as email3_2_2_, user2_.name_hash as name_has4_2_2_ from assets asset0_ inner join tickers ticker1_ on asset0_.ticker_id=ticker1_.id left outer join users user2_ on asset0_.user_id=user2_.id where asset0_.id=?
No class com.takado.myportfoliobackend.domain.Asset entity with id 265 exists!
Hibernate: select ticker0_.id as id1_1_0_, ticker0_.coin_id as coin_id2_1_0_, ticker0_.ticker as ticker3_1_0_, assets1_.ticker_id as ticker_i4_0_1_, assets1_.id as id1_0_1_, assets1_.id as id1_0_2_, assets1_.amount as amount2_0_2_, assets1_.ticker_id as ticker_i4_0_2_, assets1_.user_id as user_id5_0_2_, assets1_.value_in as value_in3_0_2_, user2_.id as id1_2_3_, user2_.displayed_name as displaye2_2_3_, user2_.email as email3_2_3_, user2_.name_hash as name_has4_2_3_ from tickers ticker0_ left outer join assets assets1_ on ticker0_.id=assets1_.ticker_id left outer join users user2_ on assets1_.user_id=user2_.id where ticker0_.id=?
Hibernate: select assets0_.user_id as user_id5_0_0_, assets0_.id as id1_0_0_, assets0_.id as id1_0_1_, assets0_.amount as amount2_0_1_, assets0_.ticker_id as ticker_i4_0_1_, assets0_.user_id as user_id5_0_1_, assets0_.value_in as value_in3_0_1_, ticker1_.id as id1_1_2_, ticker1_.coin_id as coin_id2_1_2_, ticker1_.ticker as ticker3_1_2_ from assets assets0_ inner join tickers ticker1_ on assets0_.ticker_id=ticker1_.id where assets0_.user_id=?
Hibernate: select assets0_.ticker_id as ticker_i4_0_0_, assets0_.id as id1_0_0_, assets0_.id as id1_0_1_, assets0_.amount as amount2_0_1_, assets0_.ticker_id as ticker_i4_0_1_, assets0_.user_id as user_id5_0_1_, assets0_.value_in as value_in3_0_1_, user1_.id as id1_2_2_, user1_.displayed_name as displaye2_2_2_, user1_.email as email3_2_2_, user1_.name_hash as name_has4_2_2_ from assets assets0_ left outer join users user1_ on assets0_.user_id=user1_.id where assets0_.ticker_id=?
Hibernate: select assets0_.ticker_id as ticker_i4_0_0_, assets0_.id as id1_0_0_, assets0_.id as id1_0_1_, assets0_.amount as amount2_0_1_, assets0_.ticker_id as ticker_i4_0_1_, assets0_.user_id as user_id5_0_1_, assets0_.value_in as value_in3_0_1_, user1_.id as id1_2_2_, user1_.displayed_name as displaye2_2_2_, user1_.email as email3_2_2_, user1_.name_hash as name_has4_2_2_ from assets assets0_ left outer join users user1_ on assets0_.user_id=user1_.id where assets0_.ticker_id=?
Hibernate: select assets0_.ticker_id as ticker_i4_0_0_, assets0_.id as id1_0_0_, assets0_.id as id1_0_1_, assets0_.amount as amount2_0_1_, assets0_.ticker_id as ticker_i4_0_1_, assets0_.user_id as user_id5_0_1_, assets0_.value_in as value_in3_0_1_, user1_.id as id1_2_2_, user1_.displayed_name as displaye2_2_2_, user1_.email as email3_2_2_, user1_.name_hash as name_has4_2_2_ from assets assets0_ left outer join users user1_ on assets0_.user_id=user1_.id where assets0_.ticker_id=?
Hibernate: select user0_.id as id1_2_0_, user0_.displayed_name as displaye2_2_0_, user0_.email as email3_2_0_, user0_.name_hash as name_has4_2_0_, assets1_.user_id as user_id5_0_1_, assets1_.id as id1_0_1_, assets1_.id as id1_0_2_, assets1_.amount as amount2_0_2_, assets1_.ticker_id as ticker_i4_0_2_, assets1_.user_id as user_id5_0_2_, assets1_.value_in as value_in3_0_2_, ticker2_.id as id1_1_3_, ticker2_.coin_id as coin_id2_1_3_, ticker2_.ticker as ticker3_1_3_ from users user0_ left outer join assets assets1_ on user0_.id=assets1_.user_id left outer join tickers ticker2_ on assets1_.ticker_id=ticker2_.id where user0_.id=?
Hibernate: select assets0_.ticker_id as ticker_i4_0_0_, assets0_.id as id1_0_0_, assets0_.id as id1_0_1_, assets0_.amount as amount2_0_1_, assets0_.ticker_id as ticker_i4_0_1_, assets0_.user_id as user_id5_0_1_, assets0_.value_in as value_in3_0_1_, user1_.id as id1_2_2_, user1_.displayed_name as displaye2_2_2_, user1_.email as email3_2_2_, user1_.name_hash as name_has4_2_2_ from assets assets0_ left outer join users user1_ on assets0_.user_id=user1_.id where assets0_.ticker_id=?
Hibernate: select assets0_.ticker_id as ticker_i4_0_0_, assets0_.id as id1_0_0_, assets0_.id as id1_0_1_, assets0_.amount as amount2_0_1_, assets0_.ticker_id as ticker_i4_0_1_, assets0_.user_id as user_id5_0_1_, assets0_.value_in as value_in3_0_1_, user1_.id as id1_2_2_, user1_.displayed_name as displaye2_2_2_, user1_.email as email3_2_2_, user1_.name_hash as name_has4_2_2_ from assets assets0_ left outer join users user1_ on assets0_.user_id=user1_.id where assets0_.ticker_id=?
Hibernate: select assets0_.ticker_id as ticker_i4_0_0_, assets0_.id as id1_0_0_, assets0_.id as id1_0_1_, assets0_.amount as amount2_0_1_, assets0_.ticker_id as ticker_i4_0_1_, assets0_.user_id as user_id5_0_1_, assets0_.value_in as value_in3_0_1_, user1_.id as id1_2_2_, user1_.displayed_name as displaye2_2_2_, user1_.email as email3_2_2_, user1_.name_hash as name_has4_2_2_ from assets assets0_ left outer join users user1_ on assets0_.user_id=user1_.id where assets0_.ticker_id=?
Hibernate: select assets0_.ticker_id as ticker_i4_0_0_, assets0_.id as id1_0_0_, assets0_.id as id1_0_1_, assets0_.amount as amount2_0_1_, assets0_.ticker_id as ticker_i4_0_1_, assets0_.user_id as user_id5_0_1_, assets0_.value_in as value_in3_0_1_, user1_.id as id1_2_2_, user1_.displayed_name as displaye2_2_2_, user1_.email as email3_2_2_, user1_.name_hash as name_has4_2_2_ from assets assets0_ left outer join users user1_ on assets0_.user_id=user1_.id where assets0_.ticker_id=?
Hibernate: select next_val as id_val from hibernate_sequence for update
Hibernate: update hibernate_sequence set next_val= ? where next_val=?
Hibernate: insert into assets (amount, ticker_id, user_id, value_in, id) values (?, ?, ?, ?, ?)
Hibernate: select asset0_.id as id1_0_0_, asset0_.amount as amount2_0_0_, asset0_.ticker_id as ticker_i4_0_0_, asset0_.user_id as user_id5_0_0_, asset0_.value_in as value_in3_0_0_, ticker1_.id as id1_1_1_, ticker1_.coin_id as coin_id2_1_1_, ticker1_.ticker as ticker3_1_1_, user2_.id as id1_2_2_, user2_.displayed_name as displaye2_2_2_, user2_.email as email3_2_2_, user2_.name_hash as name_has4_2_2_ from assets asset0_ inner join tickers ticker1_ on asset0_.ticker_id=ticker1_.id left outer join users user2_ on asset0_.user_id=user2_.id where asset0_.id=?
Hibernate: select assets0_.user_id as user_id5_0_0_, assets0_.id as id1_0_0_, assets0_.id as id1_0_1_, assets0_.amount as amount2_0_1_, assets0_.ticker_id as ticker_i4_0_1_, assets0_.user_id as user_id5_0_1_, assets0_.value_in as value_in3_0_1_, ticker1_.id as id1_1_2_, ticker1_.coin_id as coin_id2_1_2_, ticker1_.ticker as ticker3_1_2_ from assets assets0_ inner join tickers ticker1_ on assets0_.ticker_id=ticker1_.id where assets0_.user_id=?
Hibernate: select assets0_.ticker_id as ticker_i4_0_0_, assets0_.id as id1_0_0_, assets0_.id as id1_0_1_, assets0_.amount as amount2_0_1_, assets0_.ticker_id as ticker_i4_0_1_, assets0_.user_id as user_id5_0_1_, assets0_.value_in as value_in3_0_1_, user1_.id as id1_2_2_, user1_.displayed_name as displaye2_2_2_, user1_.email as email3_2_2_, user1_.name_hash as name_has4_2_2_ from assets assets0_ left outer join users user1_ on assets0_.user_id=user1_.id where assets0_.ticker_id=?
Hibernate: select assets0_.ticker_id as ticker_i4_0_0_, assets0_.id as id1_0_0_, assets0_.id as id1_0_1_, assets0_.amount as amount2_0_1_, assets0_.ticker_id as ticker_i4_0_1_, assets0_.user_id as user_id5_0_1_, assets0_.value_in as value_in3_0_1_, user1_.id as id1_2_2_, user1_.displayed_name as displaye2_2_2_, user1_.email as email3_2_2_, user1_.name_hash as name_has4_2_2_ from assets assets0_ left outer join users user1_ on assets0_.user_id=user1_.id where assets0_.ticker_id=?
Hibernate: select assets0_.ticker_id as ticker_i4_0_0_, assets0_.id as id1_0_0_, assets0_.id as id1_0_1_, assets0_.amount as amount2_0_1_, assets0_.ticker_id as ticker_i4_0_1_, assets0_.user_id as user_id5_0_1_, assets0_.value_in as value_in3_0_1_, user1_.id as id1_2_2_, user1_.displayed_name as displaye2_2_2_, user1_.email as email3_2_2_, user1_.name_hash as name_has4_2_2_ from assets assets0_ left outer join users user1_ on assets0_.user_id=user1_.id where assets0_.ticker_id=?
Hibernate: select assets0_.ticker_id as ticker_i4_0_0_, assets0_.id as id1_0_0_, assets0_.id as id1_0_1_, assets0_.amount as amount2_0_1_, assets0_.ticker_id as ticker_i4_0_1_, assets0_.user_id as user_id5_0_1_, assets0_.value_in as value_in3_0_1_, user1_.id as id1_2_2_, user1_.displayed_name as displaye2_2_2_, user1_.email as email3_2_2_, user1_.name_hash as name_has4_2_2_ from assets assets0_ left outer join users user1_ on assets0_.user_id=user1_.id where assets0_.ticker_id=?
Hibernate: select asset0_.id as id1_0_2_, asset0_.amount as amount2_0_2_, asset0_.ticker_id as ticker_i4_0_2_, asset0_.user_id as user_id5_0_2_, asset0_.value_in as value_in3_0_2_, ticker1_.id as id1_1_0_, ticker1_.coin_id as coin_id2_1_0_, ticker1_.ticker as ticker3_1_0_, user2_.id as id1_2_1_, user2_.displayed_name as displaye2_2_1_, user2_.email as email3_2_1_, user2_.name_hash as name_has4_2_1_ from assets asset0_ inner join tickers ticker1_ on asset0_.ticker_id=ticker1_.id left outer join users user2_ on asset0_.user_id=user2_.id where asset0_.id=?
Hibernate: select assets0_.user_id as user_id5_0_0_, assets0_.id as id1_0_0_, assets0_.id as id1_0_1_, assets0_.amount as amount2_0_1_, assets0_.ticker_id as ticker_i4_0_1_, assets0_.user_id as user_id5_0_1_, assets0_.value_in as value_in3_0_1_, ticker1_.id as id1_1_2_, ticker1_.coin_id as coin_id2_1_2_, ticker1_.ticker as ticker3_1_2_ from assets assets0_ inner join tickers ticker1_ on assets0_.ticker_id=ticker1_.id where assets0_.user_id=?
Hibernate: select assets0_.ticker_id as ticker_i4_0_0_, assets0_.id as id1_0_0_, assets0_.id as id1_0_1_, assets0_.amount as amount2_0_1_, assets0_.ticker_id as ticker_i4_0_1_, assets0_.user_id as user_id5_0_1_, assets0_.value_in as value_in3_0_1_, user1_.id as id1_2_2_, user1_.displayed_name as displaye2_2_2_, user1_.email as email3_2_2_, user1_.name_hash as name_has4_2_2_ from assets assets0_ left outer join users user1_ on assets0_.user_id=user1_.id where assets0_.ticker_id=?
Hibernate: select assets0_.ticker_id as ticker_i4_0_0_, assets0_.id as id1_0_0_, assets0_.id as id1_0_1_, assets0_.amount as amount2_0_1_, assets0_.ticker_id as ticker_i4_0_1_, assets0_.user_id as user_id5_0_1_, assets0_.value_in as value_in3_0_1_, user1_.id as id1_2_2_, user1_.displayed_name as displaye2_2_2_, user1_.email as email3_2_2_, user1_.name_hash as name_has4_2_2_ from assets assets0_ left outer join users user1_ on assets0_.user_id=user1_.id where assets0_.ticker_id=?
Hibernate: select assets0_.ticker_id as ticker_i4_0_0_, assets0_.id as id1_0_0_, assets0_.id as id1_0_1_, assets0_.amount as amount2_0_1_, assets0_.ticker_id as ticker_i4_0_1_, assets0_.user_id as user_id5_0_1_, assets0_.value_in as value_in3_0_1_, user1_.id as id1_2_2_, user1_.displayed_name as displaye2_2_2_, user1_.email as email3_2_2_, user1_.name_hash as name_has4_2_2_ from assets assets0_ left outer join users user1_ on assets0_.user_id=user1_.id where assets0_.ticker_id=?
Hibernate: select assets0_.ticker_id as ticker_i4_0_0_, assets0_.id as id1_0_0_, assets0_.id as id1_0_1_, assets0_.amount as amount2_0_1_, assets0_.ticker_id as ticker_i4_0_1_, assets0_.user_id as user_id5_0_1_, assets0_.value_in as value_in3_0_1_, user1_.id as id1_2_2_, user1_.displayed_name as displaye2_2_2_, user1_.email as email3_2_2_, user1_.name_hash as name_has4_2_2_ from assets assets0_ left outer join users user1_ on assets0_.user_id=user1_.id where assets0_.ticker_id=?
Hibernate: select asset0_.id as id1_0_0_, asset0_.amount as amount2_0_0_, asset0_.ticker_id as ticker_i4_0_0_, asset0_.user_id as user_id5_0_0_, asset0_.value_in as value_in3_0_0_, ticker1_.id as id1_1_1_, ticker1_.coin_id as coin_id2_1_1_, ticker1_.ticker as ticker3_1_1_, user2_.id as id1_2_2_, user2_.displayed_name as displaye2_2_2_, user2_.email as email3_2_2_, user2_.name_hash as name_has4_2_2_ from assets asset0_ inner join tickers ticker1_ on asset0_.ticker_id=ticker1_.id left outer join users user2_ on asset0_.user_id=user2_.id where asset0_.id=?
Hibernate: select assets0_.user_id as user_id5_0_0_, assets0_.id as id1_0_0_, assets0_.id as id1_0_1_, assets0_.amount as amount2_0_1_, assets0_.ticker_id as ticker_i4_0_1_, assets0_.user_id as user_id5_0_1_, assets0_.value_in as value_in3_0_1_, ticker1_.id as id1_1_2_, ticker1_.coin_id as coin_id2_1_2_, ticker1_.ticker as ticker3_1_2_ from assets assets0_ inner join tickers ticker1_ on assets0_.ticker_id=ticker1_.id where assets0_.user_id=?
Hibernate: select assets0_.ticker_id as ticker_i4_0_0_, assets0_.id as id1_0_0_, assets0_.id as id1_0_1_, assets0_.amount as amount2_0_1_, assets0_.ticker_id as ticker_i4_0_1_, assets0_.user_id as user_id5_0_1_, assets0_.value_in as value_in3_0_1_, user1_.id as id1_2_2_, user1_.displayed_name as displaye2_2_2_, user1_.email as email3_2_2_, user1_.name_hash as name_has4_2_2_ from assets assets0_ left outer join users user1_ on assets0_.user_id=user1_.id where assets0_.ticker_id=?
Hibernate: select assets0_.ticker_id as ticker_i4_0_0_, assets0_.id as id1_0_0_, assets0_.id as id1_0_1_, assets0_.amount as amount2_0_1_, assets0_.ticker_id as ticker_i4_0_1_, assets0_.user_id as user_id5_0_1_, assets0_.value_in as value_in3_0_1_, user1_.id as id1_2_2_, user1_.displayed_name as displaye2_2_2_, user1_.email as email3_2_2_, user1_.name_hash as name_has4_2_2_ from assets assets0_ left outer join users user1_ on assets0_.user_id=user1_.id where assets0_.ticker_id=?
Hibernate: select assets0_.ticker_id as ticker_i4_0_0_, assets0_.id as id1_0_0_, assets0_.id as id1_0_1_, assets0_.amount as amount2_0_1_, assets0_.ticker_id as ticker_i4_0_1_, assets0_.user_id as user_id5_0_1_, assets0_.value_in as value_in3_0_1_, user1_.id as id1_2_2_, user1_.displayed_name as displaye2_2_2_, user1_.email as email3_2_2_, user1_.name_hash as name_has4_2_2_ from assets assets0_ left outer join users user1_ on assets0_.user_id=user1_.id where assets0_.ticker_id=?
Hibernate: select assets0_.ticker_id as ticker_i4_0_0_, assets0_.id as id1_0_0_, assets0_.id as id1_0_1_, assets0_.amount as amount2_0_1_, assets0_.ticker_id as ticker_i4_0_1_, assets0_.user_id as user_id5_0_1_, assets0_.value_in as value_in3_0_1_, user1_.id as id1_2_2_, user1_.displayed_name as displaye2_2_2_, user1_.email as email3_2_2_, user1_.name_hash as name_has4_2_2_ from assets assets0_ left outer join users user1_ on assets0_.user_id=user1_.id where assets0_.ticker_id=?
Hibernate: delete from assets where id=?
Hibernate: select ticker0_.id as id1_1_0_, ticker0_.coin_id as coin_id2_1_0_, ticker0_.ticker as ticker3_1_0_, assets1_.ticker_id as ticker_i4_0_1_, assets1_.id as id1_0_1_, assets1_.id as id1_0_2_, assets1_.amount as amount2_0_2_, assets1_.ticker_id as ticker_i4_0_2_, assets1_.user_id as user_id5_0_2_, assets1_.value_in as value_in3_0_2_, user2_.id as id1_2_3_, user2_.displayed_name as displaye2_2_3_, user2_.email as email3_2_3_, user2_.name_hash as name_has4_2_3_ from tickers ticker0_ left outer join assets assets1_ on ticker0_.id=assets1_.ticker_id left outer join users user2_ on assets1_.user_id=user2_.id where ticker0_.id=?
Hibernate: select assets0_.user_id as user_id5_0_0_, assets0_.id as id1_0_0_, assets0_.id as id1_0_1_, assets0_.amount as amount2_0_1_, assets0_.ticker_id as ticker_i4_0_1_, assets0_.user_id as user_id5_0_1_, assets0_.value_in as value_in3_0_1_, ticker1_.id as id1_1_2_, ticker1_.coin_id as coin_id2_1_2_, ticker1_.ticker as ticker3_1_2_ from assets assets0_ inner join tickers ticker1_ on assets0_.ticker_id=ticker1_.id where assets0_.user_id=?
Hibernate: select assets0_.ticker_id as ticker_i4_0_0_, assets0_.id as id1_0_0_, assets0_.id as id1_0_1_, assets0_.amount as amount2_0_1_, assets0_.ticker_id as ticker_i4_0_1_, assets0_.user_id as user_id5_0_1_, assets0_.value_in as value_in3_0_1_, user1_.id as id1_2_2_, user1_.displayed_name as displaye2_2_2_, user1_.email as email3_2_2_, user1_.name_hash as name_has4_2_2_ from assets assets0_ left outer join users user1_ on assets0_.user_id=user1_.id where assets0_.ticker_id=?
Hibernate: select assets0_.ticker_id as ticker_i4_0_0_, assets0_.id as id1_0_0_, assets0_.id as id1_0_1_, assets0_.amount as amount2_0_1_, assets0_.ticker_id as ticker_i4_0_1_, assets0_.user_id as user_id5_0_1_, assets0_.value_in as value_in3_0_1_, user1_.id as id1_2_2_, user1_.displayed_name as displaye2_2_2_, user1_.email as email3_2_2_, user1_.name_hash as name_has4_2_2_ from assets assets0_ left outer join users user1_ on assets0_.user_id=user1_.id where assets0_.ticker_id=?
Hibernate: select assets0_.ticker_id as ticker_i4_0_0_, assets0_.id as id1_0_0_, assets0_.id as id1_0_1_, assets0_.amount as amount2_0_1_, assets0_.ticker_id as ticker_i4_0_1_, assets0_.user_id as user_id5_0_1_, assets0_.value_in as value_in3_0_1_, user1_.id as id1_2_2_, user1_.displayed_name as displaye2_2_2_, user1_.email as email3_2_2_, user1_.name_hash as name_has4_2_2_ from assets assets0_ left outer join users user1_ on assets0_.user_id=user1_.id where assets0_.ticker_id=?
Hibernate: select user0_.id as id1_2_0_, user0_.displayed_name as displaye2_2_0_, user0_.email as email3_2_0_, user0_.name_hash as name_has4_2_0_, assets1_.user_id as user_id5_0_1_, assets1_.id as id1_0_1_, assets1_.id as id1_0_2_, assets1_.amount as amount2_0_2_, assets1_.ticker_id as ticker_i4_0_2_, assets1_.user_id as user_id5_0_2_, assets1_.value_in as value_in3_0_2_, ticker2_.id as id1_1_3_, ticker2_.coin_id as coin_id2_1_3_, ticker2_.ticker as ticker3_1_3_ from users user0_ left outer join assets assets1_ on user0_.id=assets1_.user_id left outer join tickers ticker2_ on assets1_.ticker_id=ticker2_.id where user0_.id=?
Hibernate: select assets0_.ticker_id as ticker_i4_0_0_, assets0_.id as id1_0_0_, assets0_.id as id1_0_1_, assets0_.amount as amount2_0_1_, assets0_.ticker_id as ticker_i4_0_1_, assets0_.user_id as user_id5_0_1_, assets0_.value_in as value_in3_0_1_, user1_.id as id1_2_2_, user1_.displayed_name as displaye2_2_2_, user1_.email as email3_2_2_, user1_.name_hash as name_has4_2_2_ from assets assets0_ left outer join users user1_ on assets0_.user_id=user1_.id where assets0_.ticker_id=?
Hibernate: select assets0_.ticker_id as ticker_i4_0_0_, assets0_.id as id1_0_0_, assets0_.id as id1_0_1_, assets0_.amount as amount2_0_1_, assets0_.ticker_id as ticker_i4_0_1_, assets0_.user_id as user_id5_0_1_, assets0_.value_in as value_in3_0_1_, user1_.id as id1_2_2_, user1_.displayed_name as displaye2_2_2_, user1_.email as email3_2_2_, user1_.name_hash as name_has4_2_2_ from assets assets0_ left outer join users user1_ on assets0_.user_id=user1_.id where assets0_.ticker_id=?
Hibernate: select assets0_.ticker_id as ticker_i4_0_0_, assets0_.id as id1_0_0_, assets0_.id as id1_0_1_, assets0_.amount as amount2_0_1_, assets0_.ticker_id as ticker_i4_0_1_, assets0_.user_id as user_id5_0_1_, assets0_.value_in as value_in3_0_1_, user1_.id as id1_2_2_, user1_.displayed_name as displaye2_2_2_, user1_.email as email3_2_2_, user1_.name_hash as name_has4_2_2_ from assets assets0_ left outer join users user1_ on assets0_.user_id=user1_.id where assets0_.ticker_id=?
Hibernate: select assets0_.ticker_id as ticker_i4_0_0_, assets0_.id as id1_0_0_, assets0_.id as id1_0_1_, assets0_.amount as amount2_0_1_, assets0_.ticker_id as ticker_i4_0_1_, assets0_.user_id as user_id5_0_1_, assets0_.value_in as value_in3_0_1_, user1_.id as id1_2_2_, user1_.displayed_name as displaye2_2_2_, user1_.email as email3_2_2_, user1_.name_hash as name_has4_2_2_ from assets assets0_ left outer join users user1_ on assets0_.user_id=user1_.id where assets0_.ticker_id=?
Hibernate: select next_val as id_val from hibernate_sequence for update
Hibernate: update hibernate_sequence set next_val= ? where next_val=?
Hibernate: insert into assets (amount, ticker_id, user_id, value_in, id) values (?, ?, ?, ?, ?)
Hibernate: select ticker0_.id as id1_1_0_, ticker0_.coin_id as coin_id2_1_0_, ticker0_.ticker as ticker3_1_0_, assets1_.ticker_id as ticker_i4_0_1_, assets1_.id as id1_0_1_, assets1_.id as id1_0_2_, assets1_.amount as amount2_0_2_, assets1_.ticker_id as ticker_i4_0_2_, assets1_.user_id as user_id5_0_2_, assets1_.value_in as value_in3_0_2_, user2_.id as id1_2_3_, user2_.displayed_name as displaye2_2_3_, user2_.email as email3_2_3_, user2_.name_hash as name_has4_2_3_ from tickers ticker0_ left outer join assets assets1_ on ticker0_.id=assets1_.ticker_id left outer join users user2_ on assets1_.user_id=user2_.id where ticker0_.id=?
Hibernate: select assets0_.user_id as user_id5_0_0_, assets0_.id as id1_0_0_, assets0_.id as id1_0_1_, assets0_.amount as amount2_0_1_, assets0_.ticker_id as ticker_i4_0_1_, assets0_.user_id as user_id5_0_1_, assets0_.value_in as value_in3_0_1_, ticker1_.id as id1_1_2_, ticker1_.coin_id as coin_id2_1_2_, ticker1_.ticker as ticker3_1_2_ from assets assets0_ inner join tickers ticker1_ on assets0_.ticker_id=ticker1_.id where assets0_.user_id=?
Hibernate: select assets0_.ticker_id as ticker_i4_0_0_, assets0_.id as id1_0_0_, assets0_.id as id1_0_1_, assets0_.amount as amount2_0_1_, assets0_.ticker_id as ticker_i4_0_1_, assets0_.user_id as user_id5_0_1_, assets0_.value_in as value_in3_0_1_, user1_.id as id1_2_2_, user1_.displayed_name as displaye2_2_2_, user1_.email as email3_2_2_, user1_.name_hash as name_has4_2_2_ from assets assets0_ left outer join users user1_ on assets0_.user_id=user1_.id where assets0_.ticker_id=?
Hibernate: select assets0_.ticker_id as ticker_i4_0_0_, assets0_.id as id1_0_0_, assets0_.id as id1_0_1_, assets0_.amount as amount2_0_1_, assets0_.ticker_id as ticker_i4_0_1_, assets0_.user_id as user_id5_0_1_, assets0_.value_in as value_in3_0_1_, user1_.id as id1_2_2_, user1_.displayed_name as displaye2_2_2_, user1_.email as email3_2_2_, user1_.name_hash as name_has4_2_2_ from assets assets0_ left outer join users user1_ on assets0_.user_id=user1_.id where assets0_.ticker_id=?
Hibernate: select assets0_.ticker_id as ticker_i4_0_0_, assets0_.id as id1_0_0_, assets0_.id as id1_0_1_, assets0_.amount as amount2_0_1_, assets0_.ticker_id as ticker_i4_0_1_, assets0_.user_id as user_id5_0_1_, assets0_.value_in as value_in3_0_1_, user1_.id as id1_2_2_, user1_.displayed_name as displaye2_2_2_, user1_.email as email3_2_2_, user1_.name_hash as name_has4_2_2_ from assets assets0_ left outer join users user1_ on assets0_.user_id=user1_.id where assets0_.ticker_id=?
Hibernate: select user0_.id as id1_2_0_, user0_.displayed_name as displaye2_2_0_, user0_.email as email3_2_0_, user0_.name_hash as name_has4_2_0_, assets1_.user_id as user_id5_0_1_, assets1_.id as id1_0_1_, assets1_.id as id1_0_2_, assets1_.amount as amount2_0_2_, assets1_.ticker_id as ticker_i4_0_2_, assets1_.user_id as user_id5_0_2_, assets1_.value_in as value_in3_0_2_, ticker2_.id as id1_1_3_, ticker2_.coin_id as coin_id2_1_3_, ticker2_.ticker as ticker3_1_3_ from users user0_ left outer join assets assets1_ on user0_.id=assets1_.user_id left outer join tickers ticker2_ on assets1_.ticker_id=ticker2_.id where user0_.id=?
Hibernate: select assets0_.ticker_id as ticker_i4_0_0_, assets0_.id as id1_0_0_, assets0_.id as id1_0_1_, assets0_.amount as amount2_0_1_, assets0_.ticker_id as ticker_i4_0_1_, assets0_.user_id as user_id5_0_1_, assets0_.value_in as value_in3_0_1_, user1_.id as id1_2_2_, user1_.displayed_name as displaye2_2_2_, user1_.email as email3_2_2_, user1_.name_hash as name_has4_2_2_ from assets assets0_ left outer join users user1_ on assets0_.user_id=user1_.id where assets0_.ticker_id=?
Hibernate: select assets0_.ticker_id as ticker_i4_0_0_, assets0_.id as id1_0_0_, assets0_.id as id1_0_1_, assets0_.amount as amount2_0_1_, assets0_.ticker_id as ticker_i4_0_1_, assets0_.user_id as user_id5_0_1_, assets0_.value_in as value_in3_0_1_, user1_.id as id1_2_2_, user1_.displayed_name as displaye2_2_2_, user1_.email as email3_2_2_, user1_.name_hash as name_has4_2_2_ from assets assets0_ left outer join users user1_ on assets0_.user_id=user1_.id where assets0_.ticker_id=?
Hibernate: select assets0_.ticker_id as ticker_i4_0_0_, assets0_.id as id1_0_0_, assets0_.id as id1_0_1_, assets0_.amount as amount2_0_1_, assets0_.ticker_id as ticker_i4_0_1_, assets0_.user_id as user_id5_0_1_, assets0_.value_in as value_in3_0_1_, user1_.id as id1_2_2_, user1_.displayed_name as displaye2_2_2_, user1_.email as email3_2_2_, user1_.name_hash as name_has4_2_2_ from assets assets0_ left outer join users user1_ on assets0_.user_id=user1_.id where assets0_.ticker_id=?
Hibernate: select assets0_.ticker_id as ticker_i4_0_0_, assets0_.id as id1_0_0_, assets0_.id as id1_0_1_, assets0_.amount as amount2_0_1_, assets0_.ticker_id as ticker_i4_0_1_, assets0_.user_id as user_id5_0_1_, assets0_.value_in as value_in3_0_1_, user1_.id as id1_2_2_, user1_.displayed_name as displaye2_2_2_, user1_.email as email3_2_2_, user1_.name_hash as name_has4_2_2_ from assets assets0_ left outer join users user1_ on assets0_.user_id=user1_.id where assets0_.ticker_id=?
Hibernate: select next_val as id_val from hibernate_sequence for update
Hibernate: update hibernate_sequence set next_val= ? where next_val=?
Hibernate: insert into assets (amount, ticker_id, user_id, value_in, id) values (?, ?, ?, ?, ?)
Hibernate: select asset0_.id as id1_0_0_, asset0_.amount as amount2_0_0_, asset0_.ticker_id as ticker_i4_0_0_, asset0_.user_id as user_id5_0_0_, asset0_.value_in as value_in3_0_0_, ticker1_.id as id1_1_1_, ticker1_.coin_id as coin_id2_1_1_, ticker1_.ticker as ticker3_1_1_, user2_.id as id1_2_2_, user2_.displayed_name as displaye2_2_2_, user2_.email as email3_2_2_, user2_.name_hash as name_has4_2_2_ from assets asset0_ inner join tickers ticker1_ on asset0_.ticker_id=ticker1_.id left outer join users user2_ on asset0_.user_id=user2_.id where asset0_.id=?
Hibernate: select assets0_.user_id as user_id5_0_0_, assets0_.id as id1_0_0_, assets0_.id as id1_0_1_, assets0_.amount as amount2_0_1_, assets0_.ticker_id as ticker_i4_0_1_, assets0_.user_id as user_id5_0_1_, assets0_.value_in as value_in3_0_1_, ticker1_.id as id1_1_2_, ticker1_.coin_id as coin_id2_1_2_, ticker1_.ticker as ticker3_1_2_ from assets assets0_ inner join tickers ticker1_ on assets0_.ticker_id=ticker1_.id where assets0_.user_id=?
Hibernate: select assets0_.ticker_id as ticker_i4_0_0_, assets0_.id as id1_0_0_, assets0_.id as id1_0_1_, assets0_.amount as amount2_0_1_, assets0_.ticker_id as ticker_i4_0_1_, assets0_.user_id as user_id5_0_1_, assets0_.value_in as value_in3_0_1_, user1_.id as id1_2_2_, user1_.displayed_name as displaye2_2_2_, user1_.email as email3_2_2_, user1_.name_hash as name_has4_2_2_ from assets assets0_ left outer join users user1_ on assets0_.user_id=user1_.id where assets0_.ticker_id=?
Hibernate: select assets0_.ticker_id as ticker_i4_0_0_, assets0_.id as id1_0_0_, assets0_.id as id1_0_1_, assets0_.amount as amount2_0_1_, assets0_.ticker_id as ticker_i4_0_1_, assets0_.user_id as user_id5_0_1_, assets0_.value_in as value_in3_0_1_, user1_.id as id1_2_2_, user1_.displayed_name as displaye2_2_2_, user1_.email as email3_2_2_, user1_.name_hash as name_has4_2_2_ from assets assets0_ left outer join users user1_ on assets0_.user_id=user1_.id where assets0_.ticker_id=?
Hibernate: select assets0_.ticker_id as ticker_i4_0_0_, assets0_.id as id1_0_0_, assets0_.id as id1_0_1_, assets0_.amount as amount2_0_1_, assets0_.ticker_id as ticker_i4_0_1_, assets0_.user_id as user_id5_0_1_, assets0_.value_in as value_in3_0_1_, user1_.id as id1_2_2_, user1_.displayed_name as displaye2_2_2_, user1_.email as email3_2_2_, user1_.name_hash as name_has4_2_2_ from assets assets0_ left outer join users user1_ on assets0_.user_id=user1_.id where assets0_.ticker_id=?
Hibernate: select assets0_.ticker_id as ticker_i4_0_0_, assets0_.id as id1_0_0_, assets0_.id as id1_0_1_, assets0_.amount as amount2_0_1_, assets0_.ticker_id as ticker_i4_0_1_, assets0_.user_id as user_id5_0_1_, assets0_.value_in as value_in3_0_1_, user1_.id as id1_2_2_, user1_.displayed_name as displaye2_2_2_, user1_.email as email3_2_2_, user1_.name_hash as name_has4_2_2_ from assets assets0_ left outer join users user1_ on assets0_.user_id=user1_.id where assets0_.ticker_id=?
Hibernate: delete from assets where id=?
Hibernate: select ticker0_.id as id1_1_0_, ticker0_.coin_id as coin_id2_1_0_, ticker0_.ticker as ticker3_1_0_, assets1_.ticker_id as ticker_i4_0_1_, assets1_.id as id1_0_1_, assets1_.id as id1_0_2_, assets1_.amount as amount2_0_2_, assets1_.ticker_id as ticker_i4_0_2_, assets1_.user_id as user_id5_0_2_, assets1_.value_in as value_in3_0_2_, user2_.id as id1_2_3_, user2_.displayed_name as displaye2_2_3_, user2_.email as email3_2_3_, user2_.name_hash as name_has4_2_3_ from tickers ticker0_ left outer join assets assets1_ on ticker0_.id=assets1_.ticker_id left outer join users user2_ on assets1_.user_id=user2_.id where ticker0_.id=?
Hibernate: select assets0_.user_id as user_id5_0_0_, assets0_.id as id1_0_0_, assets0_.id as id1_0_1_, assets0_.amount as amount2_0_1_, assets0_.ticker_id as ticker_i4_0_1_, assets0_.user_id as user_id5_0_1_, assets0_.value_in as value_in3_0_1_, ticker1_.id as id1_1_2_, ticker1_.coin_id as coin_id2_1_2_, ticker1_.ticker as ticker3_1_2_ from assets assets0_ inner join tickers ticker1_ on assets0_.ticker_id=ticker1_.id where assets0_.user_id=?
Hibernate: select assets0_.ticker_id as ticker_i4_0_0_, assets0_.id as id1_0_0_, assets0_.id as id1_0_1_, assets0_.amount as amount2_0_1_, assets0_.ticker_id as ticker_i4_0_1_, assets0_.user_id as user_id5_0_1_, assets0_.value_in as value_in3_0_1_, user1_.id as id1_2_2_, user1_.displayed_name as displaye2_2_2_, user1_.email as email3_2_2_, user1_.name_hash as name_has4_2_2_ from assets assets0_ left outer join users user1_ on assets0_.user_id=user1_.id where assets0_.ticker_id=?
Hibernate: select assets0_.ticker_id as ticker_i4_0_0_, assets0_.id as id1_0_0_, assets0_.id as id1_0_1_, assets0_.amount as amount2_0_1_, assets0_.ticker_id as ticker_i4_0_1_, assets0_.user_id as user_id5_0_1_, assets0_.value_in as value_in3_0_1_, user1_.id as id1_2_2_, user1_.displayed_name as displaye2_2_2_, user1_.email as email3_2_2_, user1_.name_hash as name_has4_2_2_ from assets assets0_ left outer join users user1_ on assets0_.user_id=user1_.id where assets0_.ticker_id=?
Hibernate: select assets0_.ticker_id as ticker_i4_0_0_, assets0_.id as id1_0_0_, assets0_.id as id1_0_1_, assets0_.amount as amount2_0_1_, assets0_.ticker_id as ticker_i4_0_1_, assets0_.user_id as user_id5_0_1_, assets0_.value_in as value_in3_0_1_, user1_.id as id1_2_2_, user1_.displayed_name as displaye2_2_2_, user1_.email as email3_2_2_, user1_.name_hash as name_has4_2_2_ from assets assets0_ left outer join users user1_ on assets0_.user_id=user1_.id where assets0_.ticker_id=?
Hibernate: select user0_.id as id1_2_0_, user0_.displayed_name as displaye2_2_0_, user0_.email as email3_2_0_, user0_.name_hash as name_has4_2_0_, assets1_.user_id as user_id5_0_1_, assets1_.id as id1_0_1_, assets1_.id as id1_0_2_, assets1_.amount as amount2_0_2_, assets1_.ticker_id as ticker_i4_0_2_, assets1_.user_id as user_id5_0_2_, assets1_.value_in as value_in3_0_2_, ticker2_.id as id1_1_3_, ticker2_.coin_id as coin_id2_1_3_, ticker2_.ticker as ticker3_1_3_ from users user0_ left outer join assets assets1_ on user0_.id=assets1_.user_id left outer join tickers ticker2_ on assets1_.ticker_id=ticker2_.id where user0_.id=?
Hibernate: select assets0_.ticker_id as ticker_i4_0_0_, assets0_.id as id1_0_0_, assets0_.id as id1_0_1_, assets0_.amount as amount2_0_1_, assets0_.ticker_id as ticker_i4_0_1_, assets0_.user_id as user_id5_0_1_, assets0_.value_in as value_in3_0_1_, user1_.id as id1_2_2_, user1_.displayed_name as displaye2_2_2_, user1_.email as email3_2_2_, user1_.name_hash as name_has4_2_2_ from assets assets0_ left outer join users user1_ on assets0_.user_id=user1_.id where assets0_.ticker_id=?
Hibernate: select assets0_.ticker_id as ticker_i4_0_0_, assets0_.id as id1_0_0_, assets0_.id as id1_0_1_, assets0_.amount as amount2_0_1_, assets0_.ticker_id as ticker_i4_0_1_, assets0_.user_id as user_id5_0_1_, assets0_.value_in as value_in3_0_1_, user1_.id as id1_2_2_, user1_.displayed_name as displaye2_2_2_, user1_.email as email3_2_2_, user1_.name_hash as name_has4_2_2_ from assets assets0_ left outer join users user1_ on assets0_.user_id=user1_.id where assets0_.ticker_id=?
Hibernate: select assets0_.ticker_id as ticker_i4_0_0_, assets0_.id as id1_0_0_, assets0_.id as id1_0_1_, assets0_.amount as amount2_0_1_, assets0_.ticker_id as ticker_i4_0_1_, assets0_.user_id as user_id5_0_1_, assets0_.value_in as value_in3_0_1_, user1_.id as id1_2_2_, user1_.displayed_name as displaye2_2_2_, user1_.email as email3_2_2_, user1_.name_hash as name_has4_2_2_ from assets assets0_ left outer join users user1_ on assets0_.user_id=user1_.id where assets0_.ticker_id=?
Hibernate: select assets0_.ticker_id as ticker_i4_0_0_, assets0_.id as id1_0_0_, assets0_.id as id1_0_1_, assets0_.amount as amount2_0_1_, assets0_.ticker_id as ticker_i4_0_1_, assets0_.user_id as user_id5_0_1_, assets0_.value_in as value_in3_0_1_, user1_.id as id1_2_2_, user1_.displayed_name as displaye2_2_2_, user1_.email as email3_2_2_, user1_.name_hash as name_has4_2_2_ from assets assets0_ left outer join users user1_ on assets0_.user_id=user1_.id where assets0_.ticker_id=?
Hibernate: select next_val as id_val from hibernate_sequence for update
Hibernate: update hibernate_sequence set next_val= ? where next_val=?
Hibernate: insert into assets (amount, ticker_id, user_id, value_in, id) values (?, ?, ?, ?, ?)
Hibernate: select asset0_.id as id1_0_0_, asset0_.amount as amount2_0_0_, asset0_.ticker_id as ticker_i4_0_0_, asset0_.user_id as user_id5_0_0_, asset0_.value_in as value_in3_0_0_, ticker1_.id as id1_1_1_, ticker1_.coin_id as coin_id2_1_1_, ticker1_.ticker as ticker3_1_1_, user2_.id as id1_2_2_, user2_.displayed_name as displaye2_2_2_, user2_.email as email3_2_2_, user2_.name_hash as name_has4_2_2_ from assets asset0_ inner join tickers ticker1_ on asset0_.ticker_id=ticker1_.id left outer join users user2_ on asset0_.user_id=user2_.id where asset0_.id=?
Hibernate: select assets0_.user_id as user_id5_0_0_, assets0_.id as id1_0_0_, assets0_.id as id1_0_1_, assets0_.amount as amount2_0_1_, assets0_.ticker_id as ticker_i4_0_1_, assets0_.user_id as user_id5_0_1_, assets0_.value_in as value_in3_0_1_, ticker1_.id as id1_1_2_, ticker1_.coin_id as coin_id2_1_2_, ticker1_.ticker as ticker3_1_2_ from assets assets0_ inner join tickers ticker1_ on assets0_.ticker_id=ticker1_.id where assets0_.user_id=?
Hibernate: select assets0_.ticker_id as ticker_i4_0_0_, assets0_.id as id1_0_0_, assets0_.id as id1_0_1_, assets0_.amount as amount2_0_1_, assets0_.ticker_id as ticker_i4_0_1_, assets0_.user_id as user_id5_0_1_, assets0_.value_in as value_in3_0_1_, user1_.id as id1_2_2_, user1_.displayed_name as displaye2_2_2_, user1_.email as email3_2_2_, user1_.name_hash as name_has4_2_2_ from assets assets0_ left outer join users user1_ on assets0_.user_id=user1_.id where assets0_.ticker_id=?
Hibernate: select assets0_.ticker_id as ticker_i4_0_0_, assets0_.id as id1_0_0_, assets0_.id as id1_0_1_, assets0_.amount as amount2_0_1_, assets0_.ticker_id as ticker_i4_0_1_, assets0_.user_id as user_id5_0_1_, assets0_.value_in as value_in3_0_1_, user1_.id as id1_2_2_, user1_.displayed_name as displaye2_2_2_, user1_.email as email3_2_2_, user1_.name_hash as name_has4_2_2_ from assets assets0_ left outer join users user1_ on assets0_.user_id=user1_.id where assets0_.ticker_id=?
Hibernate: select assets0_.ticker_id as ticker_i4_0_0_, assets0_.id as id1_0_0_, assets0_.id as id1_0_1_, assets0_.amount as amount2_0_1_, assets0_.ticker_id as ticker_i4_0_1_, assets0_.user_id as user_id5_0_1_, assets0_.value_in as value_in3_0_1_, user1_.id as id1_2_2_, user1_.displayed_name as displaye2_2_2_, user1_.email as email3_2_2_, user1_.name_hash as name_has4_2_2_ from assets assets0_ left outer join users user1_ on assets0_.user_id=user1_.id where assets0_.ticker_id=?
Hibernate: select assets0_.ticker_id as ticker_i4_0_0_, assets0_.id as id1_0_0_, assets0_.id as id1_0_1_, assets0_.amount as amount2_0_1_, assets0_.ticker_id as ticker_i4_0_1_, assets0_.user_id as user_id5_0_1_, assets0_.value_in as value_in3_0_1_, user1_.id as id1_2_2_, user1_.displayed_name as displaye2_2_2_, user1_.email as email3_2_2_, user1_.name_hash as name_has4_2_2_ from assets assets0_ left outer join users user1_ on assets0_.user_id=user1_.id where assets0_.ticker_id=?
Hibernate: delete from assets where id=?
Hibernate: select ticker0_.id as id1_1_0_, ticker0_.coin_id as coin_id2_1_0_, ticker0_.ticker as ticker3_1_0_, assets1_.ticker_id as ticker_i4_0_1_, assets1_.id as id1_0_1_, assets1_.id as id1_0_2_, assets1_.amount as amount2_0_2_, assets1_.ticker_id as ticker_i4_0_2_, assets1_.user_id as user_id5_0_2_, assets1_.value_in as value_in3_0_2_, user2_.id as id1_2_3_, user2_.displayed_name as displaye2_2_3_, user2_.email as email3_2_3_, user2_.name_hash as name_has4_2_3_ from tickers ticker0_ left outer join assets assets1_ on ticker0_.id=assets1_.ticker_id left outer join users user2_ on assets1_.user_id=user2_.id where ticker0_.id=?
Hibernate: select assets0_.user_id as user_id5_0_0_, assets0_.id as id1_0_0_, assets0_.id as id1_0_1_, assets0_.amount as amount2_0_1_, assets0_.ticker_id as ticker_i4_0_1_, assets0_.user_id as user_id5_0_1_, assets0_.value_in as value_in3_0_1_, ticker1_.id as id1_1_2_, ticker1_.coin_id as coin_id2_1_2_, ticker1_.ticker as ticker3_1_2_ from assets assets0_ inner join tickers ticker1_ on assets0_.ticker_id=ticker1_.id where assets0_.user_id=?
Hibernate: select assets0_.ticker_id as ticker_i4_0_0_, assets0_.id as id1_0_0_, assets0_.id as id1_0_1_, assets0_.amount as amount2_0_1_, assets0_.ticker_id as ticker_i4_0_1_, assets0_.user_id as user_id5_0_1_, assets0_.value_in as value_in3_0_1_, user1_.id as id1_2_2_, user1_.displayed_name as displaye2_2_2_, user1_.email as email3_2_2_, user1_.name_hash as name_has4_2_2_ from assets assets0_ left outer join users user1_ on assets0_.user_id=user1_.id where assets0_.ticker_id=?
Hibernate: select assets0_.ticker_id as ticker_i4_0_0_, assets0_.id as id1_0_0_, assets0_.id as id1_0_1_, assets0_.amount as amount2_0_1_, assets0_.ticker_id as ticker_i4_0_1_, assets0_.user_id as user_id5_0_1_, assets0_.value_in as value_in3_0_1_, user1_.id as id1_2_2_, user1_.displayed_name as displaye2_2_2_, user1_.email as email3_2_2_, user1_.name_hash as name_has4_2_2_ from assets assets0_ left outer join users user1_ on assets0_.user_id=user1_.id where assets0_.ticker_id=?
Hibernate: select assets0_.ticker_id as ticker_i4_0_0_, assets0_.id as id1_0_0_, assets0_.id as id1_0_1_, assets0_.amount as amount2_0_1_, assets0_.ticker_id as ticker_i4_0_1_, assets0_.user_id as user_id5_0_1_, assets0_.value_in as value_in3_0_1_, user1_.id as id1_2_2_, user1_.displayed_name as displaye2_2_2_, user1_.email as email3_2_2_, user1_.name_hash as name_has4_2_2_ from assets assets0_ left outer join users user1_ on assets0_.user_id=user1_.id where assets0_.ticker_id=?
Hibernate: select user0_.id as id1_2_0_, user0_.displayed_name as displaye2_2_0_, user0_.email as email3_2_0_, user0_.name_hash as name_has4_2_0_, assets1_.user_id as user_id5_0_1_, assets1_.id as id1_0_1_, assets1_.id as id1_0_2_, assets1_.amount as amount2_0_2_, assets1_.ticker_id as ticker_i4_0_2_, assets1_.user_id as user_id5_0_2_, assets1_.value_in as value_in3_0_2_, ticker2_.id as id1_1_3_, ticker2_.coin_id as coin_id2_1_3_, ticker2_.ticker as ticker3_1_3_ from users user0_ left outer join assets assets1_ on user0_.id=assets1_.user_id left outer join tickers ticker2_ on assets1_.ticker_id=ticker2_.id where user0_.id=?
Hibernate: select assets0_.ticker_id as ticker_i4_0_0_, assets0_.id as id1_0_0_, assets0_.id as id1_0_1_, assets0_.amount as amount2_0_1_, assets0_.ticker_id as ticker_i4_0_1_, assets0_.user_id as user_id5_0_1_, assets0_.value_in as value_in3_0_1_, user1_.id as id1_2_2_, user1_.displayed_name as displaye2_2_2_, user1_.email as email3_2_2_, user1_.name_hash as name_has4_2_2_ from assets assets0_ left outer join users user1_ on assets0_.user_id=user1_.id where assets0_.ticker_id=?
Hibernate: select assets0_.ticker_id as ticker_i4_0_0_, assets0_.id as id1_0_0_, assets0_.id as id1_0_1_, assets0_.amount as amount2_0_1_, assets0_.ticker_id as ticker_i4_0_1_, assets0_.user_id as user_id5_0_1_, assets0_.value_in as value_in3_0_1_, user1_.id as id1_2_2_, user1_.displayed_name as displaye2_2_2_, user1_.email as email3_2_2_, user1_.name_hash as name_has4_2_2_ from assets assets0_ left outer join users user1_ on assets0_.user_id=user1_.id where assets0_.ticker_id=?
Hibernate: select assets0_.ticker_id as ticker_i4_0_0_, assets0_.id as id1_0_0_, assets0_.id as id1_0_1_, assets0_.amount as amount2_0_1_, assets0_.ticker_id as ticker_i4_0_1_, assets0_.user_id as user_id5_0_1_, assets0_.value_in as value_in3_0_1_, user1_.id as id1_2_2_, user1_.displayed_name as displaye2_2_2_, user1_.email as email3_2_2_, user1_.name_hash as name_has4_2_2_ from assets assets0_ left outer join users user1_ on assets0_.user_id=user1_.id where assets0_.ticker_id=?
Hibernate: select assets0_.ticker_id as ticker_i4_0_0_, assets0_.id as id1_0_0_, assets0_.id as id1_0_1_, assets0_.amount as amount2_0_1_, assets0_.ticker_id as ticker_i4_0_1_, assets0_.user_id as user_id5_0_1_, assets0_.value_in as value_in3_0_1_, user1_.id as id1_2_2_, user1_.displayed_name as displaye2_2_2_, user1_.email as email3_2_2_, user1_.name_hash as name_has4_2_2_ from assets assets0_ left outer join users user1_ on assets0_.user_id=user1_.id where assets0_.ticker_id=?
Hibernate: select next_val as id_val from hibernate_sequence for update
Hibernate: update hibernate_sequence set next_val= ? where next_val=?
Hibernate: insert into assets (amount, ticker_id, user_id, value_in, id) values (?, ?, ?, ?, ?)
Hibernate: select asset0_.id as id1_0_, asset0_.amount as amount2_0_, asset0_.ticker_id as ticker_i4_0_, asset0_.user_id as user_id5_0_, asset0_.value_in as value_in3_0_ from assets asset0_
Hibernate: select ticker0_.id as id1_1_0_, ticker0_.coin_id as coin_id2_1_0_, ticker0_.ticker as ticker3_1_0_, assets1_.ticker_id as ticker_i4_0_1_, assets1_.id as id1_0_1_, assets1_.id as id1_0_2_, assets1_.amount as amount2_0_2_, assets1_.ticker_id as ticker_i4_0_2_, assets1_.user_id as user_id5_0_2_, assets1_.value_in as value_in3_0_2_, user2_.id as id1_2_3_, user2_.displayed_name as displaye2_2_3_, user2_.email as email3_2_3_, user2_.name_hash as name_has4_2_3_ from tickers ticker0_ left outer join assets assets1_ on ticker0_.id=assets1_.ticker_id left outer join users user2_ on assets1_.user_id=user2_.id where ticker0_.id=?
Hibernate: select ticker0_.id as id1_1_0_, ticker0_.coin_id as coin_id2_1_0_, ticker0_.ticker as ticker3_1_0_, assets1_.ticker_id as ticker_i4_0_1_, assets1_.id as id1_0_1_, assets1_.id as id1_0_2_, assets1_.amount as amount2_0_2_, assets1_.ticker_id as ticker_i4_0_2_, assets1_.user_id as user_id5_0_2_, assets1_.value_in as value_in3_0_2_, user2_.id as id1_2_3_, user2_.displayed_name as displaye2_2_3_, user2_.email as email3_2_3_, user2_.name_hash as name_has4_2_3_ from tickers ticker0_ left outer join assets assets1_ on ticker0_.id=assets1_.ticker_id left outer join users user2_ on assets1_.user_id=user2_.id where ticker0_.id=?
Hibernate: select ticker0_.id as id1_1_0_, ticker0_.coin_id as coin_id2_1_0_, ticker0_.ticker as ticker3_1_0_, assets1_.ticker_id as ticker_i4_0_1_, assets1_.id as id1_0_1_, assets1_.id as id1_0_2_, assets1_.amount as amount2_0_2_, assets1_.ticker_id as ticker_i4_0_2_, assets1_.user_id as user_id5_0_2_, assets1_.value_in as value_in3_0_2_, user2_.id as id1_2_3_, user2_.displayed_name as displaye2_2_3_, user2_.email as email3_2_3_, user2_.name_hash as name_has4_2_3_ from tickers ticker0_ left outer join assets assets1_ on ticker0_.id=assets1_.ticker_id left outer join users user2_ on assets1_.user_id=user2_.id where ticker0_.id=?
Hibernate: select ticker0_.id as id1_1_0_, ticker0_.coin_id as coin_id2_1_0_, ticker0_.ticker as ticker3_1_0_, assets1_.ticker_id as ticker_i4_0_1_, assets1_.id as id1_0_1_, assets1_.id as id1_0_2_, assets1_.amount as amount2_0_2_, assets1_.ticker_id as ticker_i4_0_2_, assets1_.user_id as user_id5_0_2_, assets1_.value_in as value_in3_0_2_, user2_.id as id1_2_3_, user2_.displayed_name as displaye2_2_3_, user2_.email as email3_2_3_, user2_.name_hash as name_has4_2_3_ from tickers ticker0_ left outer join assets assets1_ on ticker0_.id=assets1_.ticker_id left outer join users user2_ on assets1_.user_id=user2_.id where ticker0_.id=?
Hibernate: select assets0_.user_id as user_id5_0_0_, assets0_.id as id1_0_0_, assets0_.id as id1_0_1_, assets0_.amount as amount2_0_1_, assets0_.ticker_id as ticker_i4_0_1_, assets0_.user_id as user_id5_0_1_, assets0_.value_in as value_in3_0_1_, ticker1_.id as id1_1_2_, ticker1_.coin_id as coin_id2_1_2_, ticker1_.ticker as ticker3_1_2_ from assets assets0_ inner join tickers ticker1_ on assets0_.ticker_id=ticker1_.id where assets0_.user_id=?
Hibernate: select asset0_.id as id1_0_0_, asset0_.amount as amount2_0_0_, asset0_.ticker_id as ticker_i4_0_0_, asset0_.user_id as user_id5_0_0_, asset0_.value_in as value_in3_0_0_, ticker1_.id as id1_1_1_, ticker1_.coin_id as coin_id2_1_1_, ticker1_.ticker as ticker3_1_1_, user2_.id as id1_2_2_, user2_.displayed_name as displaye2_2_2_, user2_.email as email3_2_2_, user2_.name_hash as name_has4_2_2_ from assets asset0_ inner join tickers ticker1_ on asset0_.ticker_id=ticker1_.id left outer join users user2_ on asset0_.user_id=user2_.id where asset0_.id=?
Hibernate: select assets0_.user_id as user_id5_0_0_, assets0_.id as id1_0_0_, assets0_.id as id1_0_1_, assets0_.amount as amount2_0_1_, assets0_.ticker_id as ticker_i4_0_1_, assets0_.user_id as user_id5_0_1_, assets0_.value_in as value_in3_0_1_, ticker1_.id as id1_1_2_, ticker1_.coin_id as coin_id2_1_2_, ticker1_.ticker as ticker3_1_2_ from assets assets0_ inner join tickers ticker1_ on assets0_.ticker_id=ticker1_.id where assets0_.user_id=?
Hibernate: select assets0_.ticker_id as ticker_i4_0_0_, assets0_.id as id1_0_0_, assets0_.id as id1_0_1_, assets0_.amount as amount2_0_1_, assets0_.ticker_id as ticker_i4_0_1_, assets0_.user_id as user_id5_0_1_, assets0_.value_in as value_in3_0_1_, user1_.id as id1_2_2_, user1_.displayed_name as displaye2_2_2_, user1_.email as email3_2_2_, user1_.name_hash as name_has4_2_2_ from assets assets0_ left outer join users user1_ on assets0_.user_id=user1_.id where assets0_.ticker_id=?
Hibernate: select assets0_.ticker_id as ticker_i4_0_0_, assets0_.id as id1_0_0_, assets0_.id as id1_0_1_, assets0_.amount as amount2_0_1_, assets0_.ticker_id as ticker_i4_0_1_, assets0_.user_id as user_id5_0_1_, assets0_.value_in as value_in3_0_1_, user1_.id as id1_2_2_, user1_.displayed_name as displaye2_2_2_, user1_.email as email3_2_2_, user1_.name_hash as name_has4_2_2_ from assets assets0_ left outer join users user1_ on assets0_.user_id=user1_.id where assets0_.ticker_id=?
Hibernate: select assets0_.ticker_id as ticker_i4_0_0_, assets0_.id as id1_0_0_, assets0_.id as id1_0_1_, assets0_.amount as amount2_0_1_, assets0_.ticker_id as ticker_i4_0_1_, assets0_.user_id as user_id5_0_1_, assets0_.value_in as value_in3_0_1_, user1_.id as id1_2_2_, user1_.displayed_name as displaye2_2_2_, user1_.email as email3_2_2_, user1_.name_hash as name_has4_2_2_ from assets assets0_ left outer join users user1_ on assets0_.user_id=user1_.id where assets0_.ticker_id=?
Hibernate: select assets0_.ticker_id as ticker_i4_0_0_, assets0_.id as id1_0_0_, assets0_.id as id1_0_1_, assets0_.amount as amount2_0_1_, assets0_.ticker_id as ticker_i4_0_1_, assets0_.user_id as user_id5_0_1_, assets0_.value_in as value_in3_0_1_, user1_.id as id1_2_2_, user1_.displayed_name as displaye2_2_2_, user1_.email as email3_2_2_, user1_.name_hash as name_has4_2_2_ from assets assets0_ left outer join users user1_ on assets0_.user_id=user1_.id where assets0_.ticker_id=?
Hibernate: delete from assets where id=?
Hibernate: select ticker0_.id as id1_1_0_, ticker0_.coin_id as coin_id2_1_0_, ticker0_.ticker as ticker3_1_0_, assets1_.ticker_id as ticker_i4_0_1_, assets1_.id as id1_0_1_, assets1_.id as id1_0_2_, assets1_.amount as amount2_0_2_, assets1_.ticker_id as ticker_i4_0_2_, assets1_.user_id as user_id5_0_2_, assets1_.value_in as value_in3_0_2_, user2_.id as id1_2_3_, user2_.displayed_name as displaye2_2_3_, user2_.email as email3_2_3_, user2_.name_hash as name_has4_2_3_ from tickers ticker0_ left outer join assets assets1_ on ticker0_.id=assets1_.ticker_id left outer join users user2_ on assets1_.user_id=user2_.id where ticker0_.id=?
Hibernate: select assets0_.user_id as user_id5_0_0_, assets0_.id as id1_0_0_, assets0_.id as id1_0_1_, assets0_.amount as amount2_0_1_, assets0_.ticker_id as ticker_i4_0_1_, assets0_.user_id as user_id5_0_1_, assets0_.value_in as value_in3_0_1_, ticker1_.id as id1_1_2_, ticker1_.coin_id as coin_id2_1_2_, ticker1_.ticker as ticker3_1_2_ from assets assets0_ inner join tickers ticker1_ on assets0_.ticker_id=ticker1_.id where assets0_.user_id=?
Hibernate: select assets0_.ticker_id as ticker_i4_0_0_, assets0_.id as id1_0_0_, assets0_.id as id1_0_1_, assets0_.amount as amount2_0_1_, assets0_.ticker_id as ticker_i4_0_1_, assets0_.user_id as user_id5_0_1_, assets0_.value_in as value_in3_0_1_, user1_.id as id1_2_2_, user1_.displayed_name as displaye2_2_2_, user1_.email as email3_2_2_, user1_.name_hash as name_has4_2_2_ from assets assets0_ left outer join users user1_ on assets0_.user_id=user1_.id where assets0_.ticker_id=?
Hibernate: select assets0_.ticker_id as ticker_i4_0_0_, assets0_.id as id1_0_0_, assets0_.id as id1_0_1_, assets0_.amount as amount2_0_1_, assets0_.ticker_id as ticker_i4_0_1_, assets0_.user_id as user_id5_0_1_, assets0_.value_in as value_in3_0_1_, user1_.id as id1_2_2_, user1_.displayed_name as displaye2_2_2_, user1_.email as email3_2_2_, user1_.name_hash as name_has4_2_2_ from assets assets0_ left outer join users user1_ on assets0_.user_id=user1_.id where assets0_.ticker_id=?
Hibernate: select assets0_.ticker_id as ticker_i4_0_0_, assets0_.id as id1_0_0_, assets0_.id as id1_0_1_, assets0_.amount as amount2_0_1_, assets0_.ticker_id as ticker_i4_0_1_, assets0_.user_id as user_id5_0_1_, assets0_.value_in as value_in3_0_1_, user1_.id as id1_2_2_, user1_.displayed_name as displaye2_2_2_, user1_.email as email3_2_2_, user1_.name_hash as name_has4_2_2_ from assets assets0_ left outer join users user1_ on assets0_.user_id=user1_.id where assets0_.ticker_id=?
Hibernate: select user0_.id as id1_2_0_, user0_.displayed_name as displaye2_2_0_, user0_.email as email3_2_0_, user0_.name_hash as name_has4_2_0_, assets1_.user_id as user_id5_0_1_, assets1_.id as id1_0_1_, assets1_.id as id1_0_2_, assets1_.amount as amount2_0_2_, assets1_.ticker_id as ticker_i4_0_2_, assets1_.user_id as user_id5_0_2_, assets1_.value_in as value_in3_0_2_, ticker2_.id as id1_1_3_, ticker2_.coin_id as coin_id2_1_3_, ticker2_.ticker as ticker3_1_3_ from users user0_ left outer join assets assets1_ on user0_.id=assets1_.user_id left outer join tickers ticker2_ on assets1_.ticker_id=ticker2_.id where user0_.id=?
Hibernate: select assets0_.ticker_id as ticker_i4_0_0_, assets0_.id as id1_0_0_, assets0_.id as id1_0_1_, assets0_.amount as amount2_0_1_, assets0_.ticker_id as ticker_i4_0_1_, assets0_.user_id as user_id5_0_1_, assets0_.value_in as value_in3_0_1_, user1_.id as id1_2_2_, user1_.displayed_name as displaye2_2_2_, user1_.email as email3_2_2_, user1_.name_hash as name_has4_2_2_ from assets assets0_ left outer join users user1_ on assets0_.user_id=user1_.id where assets0_.ticker_id=?
Hibernate: select assets0_.ticker_id as ticker_i4_0_0_, assets0_.id as id1_0_0_, assets0_.id as id1_0_1_, assets0_.amount as amount2_0_1_, assets0_.ticker_id as ticker_i4_0_1_, assets0_.user_id as user_id5_0_1_, assets0_.value_in as value_in3_0_1_, user1_.id as id1_2_2_, user1_.displayed_name as displaye2_2_2_, user1_.email as email3_2_2_, user1_.name_hash as name_has4_2_2_ from assets assets0_ left outer join users user1_ on assets0_.user_id=user1_.id where assets0_.ticker_id=?
Hibernate: select assets0_.ticker_id as ticker_i4_0_0_, assets0_.id as id1_0_0_, assets0_.id as id1_0_1_, assets0_.amount as amount2_0_1_, assets0_.ticker_id as ticker_i4_0_1_, assets0_.user_id as user_id5_0_1_, assets0_.value_in as value_in3_0_1_, user1_.id as id1_2_2_, user1_.displayed_name as displaye2_2_2_, user1_.email as email3_2_2_, user1_.name_hash as name_has4_2_2_ from assets assets0_ left outer join users user1_ on assets0_.user_id=user1_.id where assets0_.ticker_id=?
Hibernate: select assets0_.ticker_id as ticker_i4_0_0_, assets0_.id as id1_0_0_, assets0_.id as id1_0_1_, assets0_.amount as amount2_0_1_, assets0_.ticker_id as ticker_i4_0_1_, assets0_.user_id as user_id5_0_1_, assets0_.value_in as value_in3_0_1_, user1_.id as id1_2_2_, user1_.displayed_name as displaye2_2_2_, user1_.email as email3_2_2_, user1_.name_hash as name_has4_2_2_ from assets assets0_ left outer join users user1_ on assets0_.user_id=user1_.id where assets0_.ticker_id=?
Hibernate: select next_val as id_val from hibernate_sequence for update
Hibernate: update hibernate_sequence set next_val= ? where next_val=?
Hibernate: insert into assets (amount, ticker_id, user_id, value_in, id) values (?, ?, ?, ?, ?)
Hibernate: select asset0_.id as id1_0_, asset0_.amount as amount2_0_, asset0_.ticker_id as ticker_i4_0_, asset0_.user_id as user_id5_0_, asset0_.value_in as value_in3_0_ from assets asset0_ left outer join users user1_ on asset0_.user_id=user1_.id where user1_.id=?
Hibernate: select ticker0_.id as id1_1_0_, ticker0_.coin_id as coin_id2_1_0_, ticker0_.ticker as ticker3_1_0_, assets1_.ticker_id as ticker_i4_0_1_, assets1_.id as id1_0_1_, assets1_.id as id1_0_2_, assets1_.amount as amount2_0_2_, assets1_.ticker_id as ticker_i4_0_2_, assets1_.user_id as user_id5_0_2_, assets1_.value_in as value_in3_0_2_, user2_.id as id1_2_3_, user2_.displayed_name as displaye2_2_3_, user2_.email as email3_2_3_, user2_.name_hash as name_has4_2_3_ from tickers ticker0_ left outer join assets assets1_ on ticker0_.id=assets1_.ticker_id left outer join users user2_ on assets1_.user_id=user2_.id where ticker0_.id=?
Hibernate: select ticker0_.id as id1_1_0_, ticker0_.coin_id as coin_id2_1_0_, ticker0_.ticker as ticker3_1_0_, assets1_.ticker_id as ticker_i4_0_1_, assets1_.id as id1_0_1_, assets1_.id as id1_0_2_, assets1_.amount as amount2_0_2_, assets1_.ticker_id as ticker_i4_0_2_, assets1_.user_id as user_id5_0_2_, assets1_.value_in as value_in3_0_2_, user2_.id as id1_2_3_, user2_.displayed_name as displaye2_2_3_, user2_.email as email3_2_3_, user2_.name_hash as name_has4_2_3_ from tickers ticker0_ left outer join assets assets1_ on ticker0_.id=assets1_.ticker_id left outer join users user2_ on assets1_.user_id=user2_.id where ticker0_.id=?
Hibernate: select ticker0_.id as id1_1_0_, ticker0_.coin_id as coin_id2_1_0_, ticker0_.ticker as ticker3_1_0_, assets1_.ticker_id as ticker_i4_0_1_, assets1_.id as id1_0_1_, assets1_.id as id1_0_2_, assets1_.amount as amount2_0_2_, assets1_.ticker_id as ticker_i4_0_2_, assets1_.user_id as user_id5_0_2_, assets1_.value_in as value_in3_0_2_, user2_.id as id1_2_3_, user2_.displayed_name as displaye2_2_3_, user2_.email as email3_2_3_, user2_.name_hash as name_has4_2_3_ from tickers ticker0_ left outer join assets assets1_ on ticker0_.id=assets1_.ticker_id left outer join users user2_ on assets1_.user_id=user2_.id where ticker0_.id=?
Hibernate: select ticker0_.id as id1_1_0_, ticker0_.coin_id as coin_id2_1_0_, ticker0_.ticker as ticker3_1_0_, assets1_.ticker_id as ticker_i4_0_1_, assets1_.id as id1_0_1_, assets1_.id as id1_0_2_, assets1_.amount as amount2_0_2_, assets1_.ticker_id as ticker_i4_0_2_, assets1_.user_id as user_id5_0_2_, assets1_.value_in as value_in3_0_2_, user2_.id as id1_2_3_, user2_.displayed_name as displaye2_2_3_, user2_.email as email3_2_3_, user2_.name_hash as name_has4_2_3_ from tickers ticker0_ left outer join assets assets1_ on ticker0_.id=assets1_.ticker_id left outer join users user2_ on assets1_.user_id=user2_.id where ticker0_.id=?
Hibernate: select assets0_.user_id as user_id5_0_0_, assets0_.id as id1_0_0_, assets0_.id as id1_0_1_, assets0_.amount as amount2_0_1_, assets0_.ticker_id as ticker_i4_0_1_, assets0_.user_id as user_id5_0_1_, assets0_.value_in as value_in3_0_1_, ticker1_.id as id1_1_2_, ticker1_.coin_id as coin_id2_1_2_, ticker1_.ticker as ticker3_1_2_ from assets assets0_ inner join tickers ticker1_ on assets0_.ticker_id=ticker1_.id where assets0_.user_id=?
Hibernate: select asset0_.id as id1_0_0_, asset0_.amount as amount2_0_0_, asset0_.ticker_id as ticker_i4_0_0_, asset0_.user_id as user_id5_0_0_, asset0_.value_in as value_in3_0_0_, ticker1_.id as id1_1_1_, ticker1_.coin_id as coin_id2_1_1_, ticker1_.ticker as ticker3_1_1_, user2_.id as id1_2_2_, user2_.displayed_name as displaye2_2_2_, user2_.email as email3_2_2_, user2_.name_hash as name_has4_2_2_ from assets asset0_ inner join tickers ticker1_ on asset0_.ticker_id=ticker1_.id left outer join users user2_ on asset0_.user_id=user2_.id where asset0_.id=?
Hibernate: select assets0_.user_id as user_id5_0_0_, assets0_.id as id1_0_0_, assets0_.id as id1_0_1_, assets0_.amount as amount2_0_1_, assets0_.ticker_id as ticker_i4_0_1_, assets0_.user_id as user_id5_0_1_, assets0_.value_in as value_in3_0_1_, ticker1_.id as id1_1_2_, ticker1_.coin_id as coin_id2_1_2_, ticker1_.ticker as ticker3_1_2_ from assets assets0_ inner join tickers ticker1_ on assets0_.ticker_id=ticker1_.id where assets0_.user_id=?
Hibernate: select assets0_.ticker_id as ticker_i4_0_0_, assets0_.id as id1_0_0_, assets0_.id as id1_0_1_, assets0_.amount as amount2_0_1_, assets0_.ticker_id as ticker_i4_0_1_, assets0_.user_id as user_id5_0_1_, assets0_.value_in as value_in3_0_1_, user1_.id as id1_2_2_, user1_.displayed_name as displaye2_2_2_, user1_.email as email3_2_2_, user1_.name_hash as name_has4_2_2_ from assets assets0_ left outer join users user1_ on assets0_.user_id=user1_.id where assets0_.ticker_id=?
Hibernate: select assets0_.ticker_id as ticker_i4_0_0_, assets0_.id as id1_0_0_, assets0_.id as id1_0_1_, assets0_.amount as amount2_0_1_, assets0_.ticker_id as ticker_i4_0_1_, assets0_.user_id as user_id5_0_1_, assets0_.value_in as value_in3_0_1_, user1_.id as id1_2_2_, user1_.displayed_name as displaye2_2_2_, user1_.email as email3_2_2_, user1_.name_hash as name_has4_2_2_ from assets assets0_ left outer join users user1_ on assets0_.user_id=user1_.id where assets0_.ticker_id=?
Hibernate: select assets0_.ticker_id as ticker_i4_0_0_, assets0_.id as id1_0_0_, assets0_.id as id1_0_1_, assets0_.amount as amount2_0_1_, assets0_.ticker_id as ticker_i4_0_1_, assets0_.user_id as user_id5_0_1_, assets0_.value_in as value_in3_0_1_, user1_.id as id1_2_2_, user1_.displayed_name as displaye2_2_2_, user1_.email as email3_2_2_, user1_.name_hash as name_has4_2_2_ from assets assets0_ left outer join users user1_ on assets0_.user_id=user1_.id where assets0_.ticker_id=?
Hibernate: select assets0_.ticker_id as ticker_i4_0_0_, assets0_.id as id1_0_0_, assets0_.id as id1_0_1_, assets0_.amount as amount2_0_1_, assets0_.ticker_id as ticker_i4_0_1_, assets0_.user_id as user_id5_0_1_, assets0_.value_in as value_in3_0_1_, user1_.id as id1_2_2_, user1_.displayed_name as displaye2_2_2_, user1_.email as email3_2_2_, user1_.name_hash as name_has4_2_2_ from assets assets0_ left outer join users user1_ on assets0_.user_id=user1_.id where assets0_.ticker_id=?
Hibernate: delete from assets where id=?
Hibernate: select ticker0_.id as id1_1_0_, ticker0_.coin_id as coin_id2_1_0_, ticker0_.ticker as ticker3_1_0_, assets1_.ticker_id as ticker_i4_0_1_, assets1_.id as id1_0_1_, assets1_.id as id1_0_2_, assets1_.amount as amount2_0_2_, assets1_.ticker_id as ticker_i4_0_2_, assets1_.user_id as user_id5_0_2_, assets1_.value_in as value_in3_0_2_, user2_.id as id1_2_3_, user2_.displayed_name as displaye2_2_3_, user2_.email as email3_2_3_, user2_.name_hash as name_has4_2_3_ from tickers ticker0_ left outer join assets assets1_ on ticker0_.id=assets1_.ticker_id left outer join users user2_ on assets1_.user_id=user2_.id where ticker0_.id=?
Hibernate: select assets0_.user_id as user_id5_0_0_, assets0_.id as id1_0_0_, assets0_.id as id1_0_1_, assets0_.amount as amount2_0_1_, assets0_.ticker_id as ticker_i4_0_1_, assets0_.user_id as user_id5_0_1_, assets0_.value_in as value_in3_0_1_, ticker1_.id as id1_1_2_, ticker1_.coin_id as coin_id2_1_2_, ticker1_.ticker as ticker3_1_2_ from assets assets0_ inner join tickers ticker1_ on assets0_.ticker_id=ticker1_.id where assets0_.user_id=?
Hibernate: select assets0_.ticker_id as ticker_i4_0_0_, assets0_.id as id1_0_0_, assets0_.id as id1_0_1_, assets0_.amount as amount2_0_1_, assets0_.ticker_id as ticker_i4_0_1_, assets0_.user_id as user_id5_0_1_, assets0_.value_in as value_in3_0_1_, user1_.id as id1_2_2_, user1_.displayed_name as displaye2_2_2_, user1_.email as email3_2_2_, user1_.name_hash as name_has4_2_2_ from assets assets0_ left outer join users user1_ on assets0_.user_id=user1_.id where assets0_.ticker_id=?
Hibernate: select assets0_.ticker_id as ticker_i4_0_0_, assets0_.id as id1_0_0_, assets0_.id as id1_0_1_, assets0_.amount as amount2_0_1_, assets0_.ticker_id as ticker_i4_0_1_, assets0_.user_id as user_id5_0_1_, assets0_.value_in as value_in3_0_1_, user1_.id as id1_2_2_, user1_.displayed_name as displaye2_2_2_, user1_.email as email3_2_2_, user1_.name_hash as name_has4_2_2_ from assets assets0_ left outer join users user1_ on assets0_.user_id=user1_.id where assets0_.ticker_id=?
Hibernate: select assets0_.ticker_id as ticker_i4_0_0_, assets0_.id as id1_0_0_, assets0_.id as id1_0_1_, assets0_.amount as amount2_0_1_, assets0_.ticker_id as ticker_i4_0_1_, assets0_.user_id as user_id5_0_1_, assets0_.value_in as value_in3_0_1_, user1_.id as id1_2_2_, user1_.displayed_name as displaye2_2_2_, user1_.email as email3_2_2_, user1_.name_hash as name_has4_2_2_ from assets assets0_ left outer join users user1_ on assets0_.user_id=user1_.id where assets0_.ticker_id=?
Hibernate: select user0_.id as id1_2_0_, user0_.displayed_name as displaye2_2_0_, user0_.email as email3_2_0_, user0_.name_hash as name_has4_2_0_, assets1_.user_id as user_id5_0_1_, assets1_.id as id1_0_1_, assets1_.id as id1_0_2_, assets1_.amount as amount2_0_2_, assets1_.ticker_id as ticker_i4_0_2_, assets1_.user_id as user_id5_0_2_, assets1_.value_in as value_in3_0_2_, ticker2_.id as id1_1_3_, ticker2_.coin_id as coin_id2_1_3_, ticker2_.ticker as ticker3_1_3_ from users user0_ left outer join assets assets1_ on user0_.id=assets1_.user_id left outer join tickers ticker2_ on assets1_.ticker_id=ticker2_.id where user0_.id=?
Hibernate: select assets0_.ticker_id as ticker_i4_0_0_, assets0_.id as id1_0_0_, assets0_.id as id1_0_1_, assets0_.amount as amount2_0_1_, assets0_.ticker_id as ticker_i4_0_1_, assets0_.user_id as user_id5_0_1_, assets0_.value_in as value_in3_0_1_, user1_.id as id1_2_2_, user1_.displayed_name as displaye2_2_2_, user1_.email as email3_2_2_, user1_.name_hash as name_has4_2_2_ from assets assets0_ left outer join users user1_ on assets0_.user_id=user1_.id where assets0_.ticker_id=?
Hibernate: select assets0_.ticker_id as ticker_i4_0_0_, assets0_.id as id1_0_0_, assets0_.id as id1_0_1_, assets0_.amount as amount2_0_1_, assets0_.ticker_id as ticker_i4_0_1_, assets0_.user_id as user_id5_0_1_, assets0_.value_in as value_in3_0_1_, user1_.id as id1_2_2_, user1_.displayed_name as displaye2_2_2_, user1_.email as email3_2_2_, user1_.name_hash as name_has4_2_2_ from assets assets0_ left outer join users user1_ on assets0_.user_id=user1_.id where assets0_.ticker_id=?
Hibernate: select assets0_.ticker_id as ticker_i4_0_0_, assets0_.id as id1_0_0_, assets0_.id as id1_0_1_, assets0_.amount as amount2_0_1_, assets0_.ticker_id as ticker_i4_0_1_, assets0_.user_id as user_id5_0_1_, assets0_.value_in as value_in3_0_1_, user1_.id as id1_2_2_, user1_.displayed_name as displaye2_2_2_, user1_.email as email3_2_2_, user1_.name_hash as name_has4_2_2_ from assets assets0_ left outer join users user1_ on assets0_.user_id=user1_.id where assets0_.ticker_id=?
Hibernate: select assets0_.ticker_id as ticker_i4_0_0_, assets0_.id as id1_0_0_, assets0_.id as id1_0_1_, assets0_.amount as amount2_0_1_, assets0_.ticker_id as ticker_i4_0_1_, assets0_.user_id as user_id5_0_1_, assets0_.value_in as value_in3_0_1_, user1_.id as id1_2_2_, user1_.displayed_name as displaye2_2_2_, user1_.email as email3_2_2_, user1_.name_hash as name_has4_2_2_ from assets assets0_ left outer join users user1_ on assets0_.user_id=user1_.id where assets0_.ticker_id=?
Hibernate: select next_val as id_val from hibernate_sequence for update
Hibernate: update hibernate_sequence set next_val= ? where next_val=?
Hibernate: insert into assets (amount, ticker_id, user_id, value_in, id) values (?, ?, ?, ?, ?)
Hibernate: select asset0_.id as id1_0_0_, asset0_.amount as amount2_0_0_, asset0_.ticker_id as ticker_i4_0_0_, asset0_.user_id as user_id5_0_0_, asset0_.value_in as value_in3_0_0_, ticker1_.id as id1_1_1_, ticker1_.coin_id as coin_id2_1_1_, ticker1_.ticker as ticker3_1_1_, user2_.id as id1_2_2_, user2_.displayed_name as displaye2_2_2_, user2_.email as email3_2_2_, user2_.name_hash as name_has4_2_2_ from assets asset0_ inner join tickers ticker1_ on asset0_.ticker_id=ticker1_.id left outer join users user2_ on asset0_.user_id=user2_.id where asset0_.id=?
Hibernate: select assets0_.user_id as user_id5_0_0_, assets0_.id as id1_0_0_, assets0_.id as id1_0_1_, assets0_.amount as amount2_0_1_, assets0_.ticker_id as ticker_i4_0_1_, assets0_.user_id as user_id5_0_1_, assets0_.value_in as value_in3_0_1_, ticker1_.id as id1_1_2_, ticker1_.coin_id as coin_id2_1_2_, ticker1_.ticker as ticker3_1_2_ from assets assets0_ inner join tickers ticker1_ on assets0_.ticker_id=ticker1_.id where assets0_.user_id=?
Hibernate: select assets0_.ticker_id as ticker_i4_0_0_, assets0_.id as id1_0_0_, assets0_.id as id1_0_1_, assets0_.amount as amount2_0_1_, assets0_.ticker_id as ticker_i4_0_1_, assets0_.user_id as user_id5_0_1_, assets0_.value_in as value_in3_0_1_, user1_.id as id1_2_2_, user1_.displayed_name as displaye2_2_2_, user1_.email as email3_2_2_, user1_.name_hash as name_has4_2_2_ from assets assets0_ left outer join users user1_ on assets0_.user_id=user1_.id where assets0_.ticker_id=?
Hibernate: select assets0_.ticker_id as ticker_i4_0_0_, assets0_.id as id1_0_0_, assets0_.id as id1_0_1_, assets0_.amount as amount2_0_1_, assets0_.ticker_id as ticker_i4_0_1_, assets0_.user_id as user_id5_0_1_, assets0_.value_in as value_in3_0_1_, user1_.id as id1_2_2_, user1_.displayed_name as displaye2_2_2_, user1_.email as email3_2_2_, user1_.name_hash as name_has4_2_2_ from assets assets0_ left outer join users user1_ on assets0_.user_id=user1_.id where assets0_.ticker_id=?
Hibernate: select assets0_.ticker_id as ticker_i4_0_0_, assets0_.id as id1_0_0_, assets0_.id as id1_0_1_, assets0_.amount as amount2_0_1_, assets0_.ticker_id as ticker_i4_0_1_, assets0_.user_id as user_id5_0_1_, assets0_.value_in as value_in3_0_1_, user1_.id as id1_2_2_, user1_.displayed_name as displaye2_2_2_, user1_.email as email3_2_2_, user1_.name_hash as name_has4_2_2_ from assets assets0_ left outer join users user1_ on assets0_.user_id=user1_.id where assets0_.ticker_id=?
Hibernate: select assets0_.ticker_id as ticker_i4_0_0_, assets0_.id as id1_0_0_, assets0_.id as id1_0_1_, assets0_.amount as amount2_0_1_, assets0_.ticker_id as ticker_i4_0_1_, assets0_.user_id as user_id5_0_1_, assets0_.value_in as value_in3_0_1_, user1_.id as id1_2_2_, user1_.displayed_name as displaye2_2_2_, user1_.email as email3_2_2_, user1_.name_hash as name_has4_2_2_ from assets assets0_ left outer join users user1_ on assets0_.user_id=user1_.id where assets0_.ticker_id=?
Hibernate: select asset0_.id as id1_0_0_, asset0_.amount as amount2_0_0_, asset0_.ticker_id as ticker_i4_0_0_, asset0_.user_id as user_id5_0_0_, asset0_.value_in as value_in3_0_0_, ticker1_.id as id1_1_1_, ticker1_.coin_id as coin_id2_1_1_, ticker1_.ticker as ticker3_1_1_, user2_.id as id1_2_2_, user2_.displayed_name as displaye2_2_2_, user2_.email as email3_2_2_, user2_.name_hash as name_has4_2_2_ from assets asset0_ inner join tickers ticker1_ on asset0_.ticker_id=ticker1_.id left outer join users user2_ on asset0_.user_id=user2_.id where asset0_.id=?
Hibernate: select assets0_.user_id as user_id5_0_0_, assets0_.id as id1_0_0_, assets0_.id as id1_0_1_, assets0_.amount as amount2_0_1_, assets0_.ticker_id as ticker_i4_0_1_, assets0_.user_id as user_id5_0_1_, assets0_.value_in as value_in3_0_1_, ticker1_.id as id1_1_2_, ticker1_.coin_id as coin_id2_1_2_, ticker1_.ticker as ticker3_1_2_ from assets assets0_ inner join tickers ticker1_ on assets0_.ticker_id=ticker1_.id where assets0_.user_id=?
Hibernate: select assets0_.ticker_id as ticker_i4_0_0_, assets0_.id as id1_0_0_, assets0_.id as id1_0_1_, assets0_.amount as amount2_0_1_, assets0_.ticker_id as ticker_i4_0_1_, assets0_.user_id as user_id5_0_1_, assets0_.value_in as value_in3_0_1_, user1_.id as id1_2_2_, user1_.displayed_name as displaye2_2_2_, user1_.email as email3_2_2_, user1_.name_hash as name_has4_2_2_ from assets assets0_ left outer join users user1_ on assets0_.user_id=user1_.id where assets0_.ticker_id=?
Hibernate: select assets0_.ticker_id as ticker_i4_0_0_, assets0_.id as id1_0_0_, assets0_.id as id1_0_1_, assets0_.amount as amount2_0_1_, assets0_.ticker_id as ticker_i4_0_1_, assets0_.user_id as user_id5_0_1_, assets0_.value_in as value_in3_0_1_, user1_.id as id1_2_2_, user1_.displayed_name as displaye2_2_2_, user1_.email as email3_2_2_, user1_.name_hash as name_has4_2_2_ from assets assets0_ left outer join users user1_ on assets0_.user_id=user1_.id where assets0_.ticker_id=?
Hibernate: select assets0_.ticker_id as ticker_i4_0_0_, assets0_.id as id1_0_0_, assets0_.id as id1_0_1_, assets0_.amount as amount2_0_1_, assets0_.ticker_id as ticker_i4_0_1_, assets0_.user_id as user_id5_0_1_, assets0_.value_in as value_in3_0_1_, user1_.id as id1_2_2_, user1_.displayed_name as displaye2_2_2_, user1_.email as email3_2_2_, user1_.name_hash as name_has4_2_2_ from assets assets0_ left outer join users user1_ on assets0_.user_id=user1_.id where assets0_.ticker_id=?
Hibernate: select assets0_.ticker_id as ticker_i4_0_0_, assets0_.id as id1_0_0_, assets0_.id as id1_0_1_, assets0_.amount as amount2_0_1_, assets0_.ticker_id as ticker_i4_0_1_, assets0_.user_id as user_id5_0_1_, assets0_.value_in as value_in3_0_1_, user1_.id as id1_2_2_, user1_.displayed_name as displaye2_2_2_, user1_.email as email3_2_2_, user1_.name_hash as name_has4_2_2_ from assets assets0_ left outer join users user1_ on assets0_.user_id=user1_.id where assets0_.ticker_id=?
Hibernate: delete from assets where id=?
]]></system-out>
  <system-err><![CDATA[]]></system-err>
</testsuite>
