<?xml version="1.0" encoding="UTF-8"?>
<testsuite name="com.takado.myportfoliobackend.client.CoinGeckoClientTest" tests="3" skipped="0" failures="0" errors="0" timestamp="2021-10-17T02:28:56" hostname="LAPTOP-LF601L0C" time="1.127">
  <properties/>
  <testcase name="testGetPrice()" classname="com.takado.myportfoliobackend.client.CoinGeckoClientTest" time="0.623"/>
  <testcase name="testPing()" classname="com.takado.myportfoliobackend.client.CoinGeckoClientTest" time="0.228"/>
  <testcase name="testGetCoinsPrices()" classname="com.takado.myportfoliobackend.client.CoinGeckoClientTest" time="0.274"/>
  <system-out><![CDATA[04:28:51.580 [Test worker] DEBUG org.springframework.test.context.BootstrapUtils - Instantiating CacheAwareContextLoaderDelegate from class [org.springframework.test.context.cache.DefaultCacheAwareContextLoaderDelegate]
04:28:51.594 [Test worker] DEBUG org.springframework.test.context.BootstrapUtils - Instantiating BootstrapContext using constructor [public org.springframework.test.context.support.DefaultBootstrapContext(java.lang.Class,org.springframework.test.context.CacheAwareContextLoaderDelegate)]
04:28:51.637 [Test worker] DEBUG org.springframework.test.context.BootstrapUtils - Instantiating TestContextBootstrapper for test class [com.takado.myportfoliobackend.client.CoinGeckoClientTest] from class [org.springframework.boot.test.context.SpringBootTestContextBootstrapper]
04:28:51.650 [Test worker] INFO org.springframework.boot.test.context.SpringBootTestContextBootstrapper - Neither @ContextConfiguration nor @ContextHierarchy found for test class [com.takado.myportfoliobackend.client.CoinGeckoClientTest], using SpringBootContextLoader
04:28:51.655 [Test worker] DEBUG org.springframework.test.context.support.AbstractContextLoader - Did not detect default resource location for test class [com.takado.myportfoliobackend.client.CoinGeckoClientTest]: class path resource [com/takado/myportfoliobackend/client/CoinGeckoClientTest-context.xml] does not exist
04:28:51.656 [Test worker] DEBUG org.springframework.test.context.support.AbstractContextLoader - Did not detect default resource location for test class [com.takado.myportfoliobackend.client.CoinGeckoClientTest]: class path resource [com/takado/myportfoliobackend/client/CoinGeckoClientTestContext.groovy] does not exist
04:28:51.656 [Test worker] INFO org.springframework.test.context.support.AbstractContextLoader - Could not detect default resource locations for test class [com.takado.myportfoliobackend.client.CoinGeckoClientTest]: no resource found for suffixes {-context.xml, Context.groovy}.
04:28:51.657 [Test worker] INFO org.springframework.test.context.support.AnnotationConfigContextLoaderUtils - Could not detect default configuration classes for test class [com.takado.myportfoliobackend.client.CoinGeckoClientTest]: CoinGeckoClientTest does not declare any static, non-private, non-final, nested classes annotated with @Configuration.
04:28:51.706 [Test worker] DEBUG org.springframework.test.context.support.ActiveProfilesUtils - Could not find an 'annotation declaring class' for annotation type [org.springframework.test.context.ActiveProfiles] and class [com.takado.myportfoliobackend.client.CoinGeckoClientTest]
04:28:51.773 [Test worker] DEBUG org.springframework.context.annotation.ClassPathScanningCandidateComponentProvider - Identified candidate component class: file [C:\Users\korne\Desktop\myPortfolioBackend\build\classes\java\main\com\takado\myportfoliobackend\MyPortfolioBackendApplication.class]
04:28:51.774 [Test worker] INFO org.springframework.boot.test.context.SpringBootTestContextBootstrapper - Found @SpringBootConfiguration com.takado.myportfoliobackend.MyPortfolioBackendApplication for test class com.takado.myportfoliobackend.client.CoinGeckoClientTest
04:28:51.877 [Test worker] DEBUG org.springframework.boot.test.context.SpringBootTestContextBootstrapper - @TestExecutionListeners is not present for class [com.takado.myportfoliobackend.client.CoinGeckoClientTest]: using defaults.
04:28:51.878 [Test worker] INFO org.springframework.boot.test.context.SpringBootTestContextBootstrapper - Loaded default TestExecutionListener class names from location [META-INF/spring.factories]: [org.springframework.boot.test.autoconfigure.restdocs.RestDocsTestExecutionListener, org.springframework.boot.test.autoconfigure.web.client.MockRestServiceServerResetTestExecutionListener, org.springframework.boot.test.autoconfigure.web.servlet.MockMvcPrintOnlyOnFailureTestExecutionListener, org.springframework.boot.test.autoconfigure.web.servlet.WebDriverTestExecutionListener, org.springframework.boot.test.autoconfigure.webservices.client.MockWebServiceServerTestExecutionListener, org.springframework.boot.test.mock.mockito.MockitoTestExecutionListener, org.springframework.boot.test.mock.mockito.ResetMocksTestExecutionListener, org.springframework.test.context.web.ServletTestExecutionListener, org.springframework.test.context.support.DirtiesContextBeforeModesTestExecutionListener, org.springframework.test.context.event.ApplicationEventsTestExecutionListener, org.springframework.test.context.support.DependencyInjectionTestExecutionListener, org.springframework.test.context.support.DirtiesContextTestExecutionListener, org.springframework.test.context.transaction.TransactionalTestExecutionListener, org.springframework.test.context.jdbc.SqlScriptsTestExecutionListener, org.springframework.test.context.event.EventPublishingTestExecutionListener]
04:28:51.905 [Test worker] INFO org.springframework.boot.test.context.SpringBootTestContextBootstrapper - Using TestExecutionListeners: [org.springframework.test.context.web.ServletTestExecutionListener@6c451c9c, org.springframework.test.context.support.DirtiesContextBeforeModesTestExecutionListener@31c269fd, org.springframework.test.context.event.ApplicationEventsTestExecutionListener@372b0d86, org.springframework.boot.test.mock.mockito.MockitoTestExecutionListener@47747fb9, org.springframework.boot.test.autoconfigure.SpringBootDependencyInjectionTestExecutionListener@3113a37, org.springframework.test.context.support.DirtiesContextTestExecutionListener@213e3629, org.springframework.test.context.transaction.TransactionalTestExecutionListener@4e9658b5, org.springframework.test.context.jdbc.SqlScriptsTestExecutionListener@2a7b6f69, org.springframework.test.context.event.EventPublishingTestExecutionListener@20312893, org.springframework.boot.test.autoconfigure.restdocs.RestDocsTestExecutionListener@70eecdc2, org.springframework.boot.test.autoconfigure.web.client.MockRestServiceServerResetTestExecutionListener@c41709a, org.springframework.boot.test.autoconfigure.web.servlet.MockMvcPrintOnlyOnFailureTestExecutionListener@7db0565c, org.springframework.boot.test.autoconfigure.web.servlet.WebDriverTestExecutionListener@54ec8cc9, org.springframework.boot.test.autoconfigure.webservices.client.MockWebServiceServerTestExecutionListener@52eacb4b, org.springframework.boot.test.mock.mockito.ResetMocksTestExecutionListener@5528a42c]
04:28:51.909 [Test worker] DEBUG org.springframework.test.context.support.AbstractDirtiesContextTestExecutionListener - Before test class: context [DefaultTestContext@22680f52 testClass = CoinGeckoClientTest, testInstance = [null], testMethod = [null], testException = [null], mergedContextConfiguration = [WebMergedContextConfiguration@60d84f61 testClass = CoinGeckoClientTest, locations = '{}', classes = '{class com.takado.myportfoliobackend.MyPortfolioBackendApplication}', contextInitializerClasses = '[]', activeProfiles = '{}', propertySourceLocations = '{}', propertySourceProperties = '{org.springframework.boot.test.context.SpringBootTestContextBootstrapper=true}', contextCustomizers = set[org.springframework.boot.test.autoconfigure.actuate.metrics.MetricsExportContextCustomizerFactory$DisableMetricExportContextCustomizer@5bd82fed, org.springframework.boot.test.autoconfigure.properties.PropertyMappingContextCustomizer@0, org.springframework.boot.test.autoconfigure.web.servlet.WebDriverContextCustomizerFactory$Customizer@6f0b0a5e, org.springframework.boot.test.context.filter.ExcludeFilterContextCustomizer@478ee483, org.springframework.boot.test.json.DuplicateJsonObjectContextCustomizerFactory$DuplicateJsonObjectContextCustomizer@58fe0499, org.springframework.boot.test.mock.mockito.MockitoContextCustomizer@0, org.springframework.boot.test.web.client.TestRestTemplateContextCustomizer@40cb698e, org.springframework.boot.test.context.SpringBootTestArgs@1, org.springframework.boot.test.context.SpringBootTestWebEnvironment@b86de0d], resourceBasePath = 'src/main/webapp', contextLoader = 'org.springframework.boot.test.context.SpringBootContextLoader', parent = [null]], attributes = map['org.springframework.test.context.web.ServletTestExecutionListener.activateListener' -> true]], class annotated with @DirtiesContext [false] with mode [null].



starting tests:

04:28:51.960 [Test worker] DEBUG org.springframework.test.context.support.TestPropertySourceUtils - Adding inlined properties to environment: {spring.jmx.enabled=false, org.springframework.boot.test.context.SpringBootTestContextBootstrapper=true}

  .   ____          _            __ _ _
 /\\ / ___'_ __ _ _(_)_ __  __ _ \ \ \ \
( ( )\___ | '_ | '_| | '_ \/ _` | \ \ \ \
 \\/  ___)| |_)| | | | | || (_| |  ) ) ) )
  '  |____| .__|_| |_|_| |_\__, | / / / /
 =========|_|==============|___/=/_/_/_/
 :: Spring Boot ::                (v2.5.5)

2021-10-17 04:28:52.265  INFO 7876 --- [    Test worker] c.t.m.client.CoinGeckoClientTest         : Starting CoinGeckoClientTest using Java 11.0.10 on LAPTOP-LF601L0C with PID 7876 (started by korne in C:\Users\korne\Desktop\myPortfolioBackend)
2021-10-17 04:28:52.269  INFO 7876 --- [    Test worker] c.t.m.client.CoinGeckoClientTest         : No active profile set, falling back to default profiles: default
2021-10-17 04:28:53.124  INFO 7876 --- [    Test worker] .s.d.r.c.RepositoryConfigurationDelegate : Multiple Spring Data modules found, entering strict repository configuration mode!
2021-10-17 04:28:53.127  INFO 7876 --- [    Test worker] .s.d.r.c.RepositoryConfigurationDelegate : Bootstrapping Spring Data JDBC repositories in DEFAULT mode.
2021-10-17 04:28:53.161  INFO 7876 --- [    Test worker] .RepositoryConfigurationExtensionSupport : Spring Data JDBC - Could not safely identify store assignment for repository candidate interface com.takado.myportfoliobackend.repository.AssetRepository. If you want this repository to be a JDBC repository, consider annotating your entities with one of these annotations: org.springframework.data.relational.core.mapping.Table.
2021-10-17 04:28:53.162  INFO 7876 --- [    Test worker] .s.d.r.c.RepositoryConfigurationDelegate : Finished Spring Data repository scanning in 30 ms. Found 0 JDBC repository interfaces.
2021-10-17 04:28:53.175  INFO 7876 --- [    Test worker] .s.d.r.c.RepositoryConfigurationDelegate : Multiple Spring Data modules found, entering strict repository configuration mode!
2021-10-17 04:28:53.178  INFO 7876 --- [    Test worker] .s.d.r.c.RepositoryConfigurationDelegate : Bootstrapping Spring Data JPA repositories in DEFAULT mode.
2021-10-17 04:28:53.216  INFO 7876 --- [    Test worker] .s.d.r.c.RepositoryConfigurationDelegate : Finished Spring Data repository scanning in 31 ms. Found 1 JPA repository interfaces.
2021-10-17 04:28:53.845  INFO 7876 --- [    Test worker] o.hibernate.jpa.internal.util.LogHelper  : HHH000204: Processing PersistenceUnitInfo [name: default]
2021-10-17 04:28:53.966  INFO 7876 --- [    Test worker] org.hibernate.Version                    : HHH000412: Hibernate ORM core version 5.4.32.Final
2021-10-17 04:28:54.155  INFO 7876 --- [    Test worker] o.hibernate.annotations.common.Version   : HCANN000001: Hibernate Commons Annotations {5.1.2.Final}
2021-10-17 04:28:54.315  INFO 7876 --- [    Test worker] com.zaxxer.hikari.HikariDataSource       : HikariPool-1 - Starting...
2021-10-17 04:28:54.522  INFO 7876 --- [    Test worker] com.zaxxer.hikari.HikariDataSource       : HikariPool-1 - Start completed.
2021-10-17 04:28:54.540  INFO 7876 --- [    Test worker] org.hibernate.dialect.Dialect            : HHH000400: Using dialect: org.hibernate.dialect.MySQL57Dialect
2021-10-17 04:28:55.293  INFO 7876 --- [    Test worker] o.h.e.t.j.p.i.JtaPlatformInitiator       : HHH000490: Using JtaPlatform implementation: [org.hibernate.engine.transaction.jta.platform.internal.NoJtaPlatform]
2021-10-17 04:28:55.303  INFO 7876 --- [    Test worker] j.LocalContainerEntityManagerFactoryBean : Initialized JPA EntityManagerFactory for persistence unit 'default'
2021-10-17 04:28:55.942  WARN 7876 --- [    Test worker] JpaBaseConfiguration$JpaWebConfiguration : spring.jpa.open-in-view is enabled by default. Therefore, database queries may be performed during view rendering. Explicitly configure spring.jpa.open-in-view to disable this warning
2021-10-17 04:28:56.751  INFO 7876 --- [    Test worker] c.t.m.client.CoinGeckoClientTest         : Started CoinGeckoClientTest in 4.782 seconds (JVM running for 6.187)

testGetPrice result: 2.18

testPing result: [gecko_says=(V3) To the Moon!]

testGetCoinsPrices result: 
{cardano=8.59, bitcoin=240898.0}



end tests.

]]></system-out>
  <system-err><![CDATA[]]></system-err>
</testsuite>
