<?xml version="1.0" encoding="UTF-8"?>
<testsuite name="com.takado.myportfoliobackend.MyPortfolioBackendApplicationTests" tests="1" skipped="0" failures="0" errors="0" timestamp="2021-10-10T19:05:23" hostname="LAPTOP-LF601L0C" time="0.276">
  <properties/>
  <testcase name="contextLoads()" classname="com.takado.myportfoliobackend.MyPortfolioBackendApplicationTests" time="0.276"/>
  <system-out><![CDATA[21:05:19.337 [Test worker] DEBUG org.springframework.test.context.BootstrapUtils - Instantiating CacheAwareContextLoaderDelegate from class [org.springframework.test.context.cache.DefaultCacheAwareContextLoaderDelegate]
21:05:19.350 [Test worker] DEBUG org.springframework.test.context.BootstrapUtils - Instantiating BootstrapContext using constructor [public org.springframework.test.context.support.DefaultBootstrapContext(java.lang.Class,org.springframework.test.context.CacheAwareContextLoaderDelegate)]
21:05:19.387 [Test worker] DEBUG org.springframework.test.context.BootstrapUtils - Instantiating TestContextBootstrapper for test class [com.takado.myportfoliobackend.MyPortfolioBackendApplicationTests] from class [org.springframework.boot.test.context.SpringBootTestContextBootstrapper]
21:05:19.401 [Test worker] INFO org.springframework.boot.test.context.SpringBootTestContextBootstrapper - Neither @ContextConfiguration nor @ContextHierarchy found for test class [com.takado.myportfoliobackend.MyPortfolioBackendApplicationTests], using SpringBootContextLoader
21:05:19.406 [Test worker] DEBUG org.springframework.test.context.support.AbstractContextLoader - Did not detect default resource location for test class [com.takado.myportfoliobackend.MyPortfolioBackendApplicationTests]: class path resource [com/takado/myportfoliobackend/MyPortfolioBackendApplicationTests-context.xml] does not exist
21:05:19.407 [Test worker] DEBUG org.springframework.test.context.support.AbstractContextLoader - Did not detect default resource location for test class [com.takado.myportfoliobackend.MyPortfolioBackendApplicationTests]: class path resource [com/takado/myportfoliobackend/MyPortfolioBackendApplicationTestsContext.groovy] does not exist
21:05:19.408 [Test worker] INFO org.springframework.test.context.support.AbstractContextLoader - Could not detect default resource locations for test class [com.takado.myportfoliobackend.MyPortfolioBackendApplicationTests]: no resource found for suffixes {-context.xml, Context.groovy}.
21:05:19.408 [Test worker] INFO org.springframework.test.context.support.AnnotationConfigContextLoaderUtils - Could not detect default configuration classes for test class [com.takado.myportfoliobackend.MyPortfolioBackendApplicationTests]: MyPortfolioBackendApplicationTests does not declare any static, non-private, non-final, nested classes annotated with @Configuration.
21:05:19.455 [Test worker] DEBUG org.springframework.test.context.support.ActiveProfilesUtils - Could not find an 'annotation declaring class' for annotation type [org.springframework.test.context.ActiveProfiles] and class [com.takado.myportfoliobackend.MyPortfolioBackendApplicationTests]
21:05:19.517 [Test worker] DEBUG org.springframework.context.annotation.ClassPathScanningCandidateComponentProvider - Identified candidate component class: file [C:\Users\korne\Desktop\myPortfolioBackend\build\classes\java\main\com\takado\myportfoliobackend\MyPortfolioBackendApplication.class]
21:05:19.518 [Test worker] INFO org.springframework.boot.test.context.SpringBootTestContextBootstrapper - Found @SpringBootConfiguration com.takado.myportfoliobackend.MyPortfolioBackendApplication for test class com.takado.myportfoliobackend.MyPortfolioBackendApplicationTests
21:05:19.624 [Test worker] DEBUG org.springframework.boot.test.context.SpringBootTestContextBootstrapper - @TestExecutionListeners is not present for class [com.takado.myportfoliobackend.MyPortfolioBackendApplicationTests]: using defaults.
21:05:19.625 [Test worker] INFO org.springframework.boot.test.context.SpringBootTestContextBootstrapper - Loaded default TestExecutionListener class names from location [META-INF/spring.factories]: [org.springframework.boot.test.autoconfigure.restdocs.RestDocsTestExecutionListener, org.springframework.boot.test.autoconfigure.web.client.MockRestServiceServerResetTestExecutionListener, org.springframework.boot.test.autoconfigure.web.servlet.MockMvcPrintOnlyOnFailureTestExecutionListener, org.springframework.boot.test.autoconfigure.web.servlet.WebDriverTestExecutionListener, org.springframework.boot.test.autoconfigure.webservices.client.MockWebServiceServerTestExecutionListener, org.springframework.boot.test.mock.mockito.MockitoTestExecutionListener, org.springframework.boot.test.mock.mockito.ResetMocksTestExecutionListener, org.springframework.test.context.web.ServletTestExecutionListener, org.springframework.test.context.support.DirtiesContextBeforeModesTestExecutionListener, org.springframework.test.context.event.ApplicationEventsTestExecutionListener, org.springframework.test.context.support.DependencyInjectionTestExecutionListener, org.springframework.test.context.support.DirtiesContextTestExecutionListener, org.springframework.test.context.transaction.TransactionalTestExecutionListener, org.springframework.test.context.jdbc.SqlScriptsTestExecutionListener, org.springframework.test.context.event.EventPublishingTestExecutionListener]
21:05:19.653 [Test worker] INFO org.springframework.boot.test.context.SpringBootTestContextBootstrapper - Using TestExecutionListeners: [org.springframework.test.context.web.ServletTestExecutionListener@31500940, org.springframework.test.context.support.DirtiesContextBeforeModesTestExecutionListener@1827a871, org.springframework.test.context.event.ApplicationEventsTestExecutionListener@48e64352, org.springframework.boot.test.mock.mockito.MockitoTestExecutionListener@7249dadf, org.springframework.boot.test.autoconfigure.SpringBootDependencyInjectionTestExecutionListener@4362d7df, org.springframework.test.context.support.DirtiesContextTestExecutionListener@66238be2, org.springframework.test.context.transaction.TransactionalTestExecutionListener@1c25b8a7, org.springframework.test.context.jdbc.SqlScriptsTestExecutionListener@200606de, org.springframework.test.context.event.EventPublishingTestExecutionListener@750fe12e, org.springframework.boot.test.autoconfigure.restdocs.RestDocsTestExecutionListener@f8908f6, org.springframework.boot.test.autoconfigure.web.client.MockRestServiceServerResetTestExecutionListener@3e587920, org.springframework.boot.test.autoconfigure.web.servlet.MockMvcPrintOnlyOnFailureTestExecutionListener@2ef8a8c3, org.springframework.boot.test.autoconfigure.web.servlet.WebDriverTestExecutionListener@24f43aa3, org.springframework.boot.test.autoconfigure.webservices.client.MockWebServiceServerTestExecutionListener@63fd4873, org.springframework.boot.test.mock.mockito.ResetMocksTestExecutionListener@1e11bc55]
21:05:19.658 [Test worker] DEBUG org.springframework.test.context.support.AbstractDirtiesContextTestExecutionListener - Before test class: context [DefaultTestContext@65f87a2c testClass = MyPortfolioBackendApplicationTests, testInstance = [null], testMethod = [null], testException = [null], mergedContextConfiguration = [WebMergedContextConfiguration@51684e4a testClass = MyPortfolioBackendApplicationTests, locations = '{}', classes = '{class com.takado.myportfoliobackend.MyPortfolioBackendApplication}', contextInitializerClasses = '[]', activeProfiles = '{}', propertySourceLocations = '{}', propertySourceProperties = '{org.springframework.boot.test.context.SpringBootTestContextBootstrapper=true}', contextCustomizers = set[org.springframework.boot.test.autoconfigure.actuate.metrics.MetricsExportContextCustomizerFactory$DisableMetricExportContextCustomizer@7c098bb3, org.springframework.boot.test.autoconfigure.properties.PropertyMappingContextCustomizer@0, org.springframework.boot.test.autoconfigure.web.servlet.WebDriverContextCustomizerFactory$Customizer@b6b1987, org.springframework.boot.test.context.filter.ExcludeFilterContextCustomizer@7c541c15, org.springframework.boot.test.json.DuplicateJsonObjectContextCustomizerFactory$DuplicateJsonObjectContextCustomizer@4212a0c8, org.springframework.boot.test.mock.mockito.MockitoContextCustomizer@0, org.springframework.boot.test.web.client.TestRestTemplateContextCustomizer@62452cc9, org.springframework.boot.test.context.SpringBootTestArgs@1, org.springframework.boot.test.context.SpringBootTestWebEnvironment@376a0d86], resourceBasePath = 'src/main/webapp', contextLoader = 'org.springframework.boot.test.context.SpringBootContextLoader', parent = [null]], attributes = map['org.springframework.test.context.web.ServletTestExecutionListener.activateListener' -> true]], class annotated with @DirtiesContext [false] with mode [null].
21:05:19.698 [Test worker] DEBUG org.springframework.test.context.support.TestPropertySourceUtils - Adding inlined properties to environment: {spring.jmx.enabled=false, org.springframework.boot.test.context.SpringBootTestContextBootstrapper=true}

  .   ____          _            __ _ _
 /\\ / ___'_ __ _ _(_)_ __  __ _ \ \ \ \
( ( )\___ | '_ | '_| | '_ \/ _` | \ \ \ \
 \\/  ___)| |_)| | | | | || (_| |  ) ) ) )
  '  |____| .__|_| |_|_| |_\__, | / / / /
 =========|_|==============|___/=/_/_/_/
 :: Spring Boot ::                (v2.5.5)

2021-10-10 21:05:20.012  INFO 8308 --- [    Test worker] c.t.m.MyPortfolioBackendApplicationTests : Starting MyPortfolioBackendApplicationTests using Java 11.0.10 on LAPTOP-LF601L0C with PID 8308 (started by korne in C:\Users\korne\Desktop\myPortfolioBackend)
2021-10-10 21:05:20.016  INFO 8308 --- [    Test worker] c.t.m.MyPortfolioBackendApplicationTests : No active profile set, falling back to default profiles: default
2021-10-10 21:05:20.751  INFO 8308 --- [    Test worker] .s.d.r.c.RepositoryConfigurationDelegate : Multiple Spring Data modules found, entering strict repository configuration mode!
2021-10-10 21:05:20.755  INFO 8308 --- [    Test worker] .s.d.r.c.RepositoryConfigurationDelegate : Bootstrapping Spring Data JDBC repositories in DEFAULT mode.
2021-10-10 21:05:20.767  INFO 8308 --- [    Test worker] .s.d.r.c.RepositoryConfigurationDelegate : Finished Spring Data repository scanning in 6 ms. Found 0 JDBC repository interfaces.
2021-10-10 21:05:20.778  INFO 8308 --- [    Test worker] .s.d.r.c.RepositoryConfigurationDelegate : Multiple Spring Data modules found, entering strict repository configuration mode!
2021-10-10 21:05:20.779  INFO 8308 --- [    Test worker] .s.d.r.c.RepositoryConfigurationDelegate : Bootstrapping Spring Data JPA repositories in DEFAULT mode.
2021-10-10 21:05:20.786  INFO 8308 --- [    Test worker] .s.d.r.c.RepositoryConfigurationDelegate : Finished Spring Data repository scanning in 2 ms. Found 0 JPA repository interfaces.
2021-10-10 21:05:21.429  INFO 8308 --- [    Test worker] o.hibernate.jpa.internal.util.LogHelper  : HHH000204: Processing PersistenceUnitInfo [name: default]
2021-10-10 21:05:21.495  INFO 8308 --- [    Test worker] org.hibernate.Version                    : HHH000412: Hibernate ORM core version 5.4.32.Final
2021-10-10 21:05:21.658  INFO 8308 --- [    Test worker] o.hibernate.annotations.common.Version   : HCANN000001: Hibernate Commons Annotations {5.1.2.Final}
2021-10-10 21:05:21.798  INFO 8308 --- [    Test worker] com.zaxxer.hikari.HikariDataSource       : HikariPool-1 - Starting...
2021-10-10 21:05:22.067  INFO 8308 --- [    Test worker] com.zaxxer.hikari.HikariDataSource       : HikariPool-1 - Start completed.
2021-10-10 21:05:22.088  INFO 8308 --- [    Test worker] org.hibernate.dialect.Dialect            : HHH000400: Using dialect: org.hibernate.dialect.MySQL57Dialect
2021-10-10 21:05:22.495  INFO 8308 --- [    Test worker] o.h.e.t.j.p.i.JtaPlatformInitiator       : HHH000490: Using JtaPlatform implementation: [org.hibernate.engine.transaction.jta.platform.internal.NoJtaPlatform]
2021-10-10 21:05:22.506  INFO 8308 --- [    Test worker] j.LocalContainerEntityManagerFactoryBean : Initialized JPA EntityManagerFactory for persistence unit 'default'
2021-10-10 21:05:22.805  WARN 8308 --- [    Test worker] JpaBaseConfiguration$JpaWebConfiguration : spring.jpa.open-in-view is enabled by default. Therefore, database queries may be performed during view rendering. Explicitly configure spring.jpa.open-in-view to disable this warning
2021-10-10 21:05:23.635  INFO 8308 --- [    Test worker] c.t.m.MyPortfolioBackendApplicationTests : Started MyPortfolioBackendApplicationTests in 3.93 seconds (JVM running for 5.441)
]]></system-out>
  <system-err><![CDATA[]]></system-err>
</testsuite>
