<?xml version="1.0" encoding="UTF-8"?>
<testsuite name="com.takado.myportfoliobackend.client.NbpClientTest" tests="1" skipped="0" failures="0" errors="0" timestamp="2021-10-17T22:35:08" hostname="LAPTOP-LF601L0C" time="0.25">
  <properties/>
  <testcase name="getExchangeRate()" classname="com.takado.myportfoliobackend.client.NbpClientTest" time="0.25"/>
  <system-out><![CDATA[00:35:03.308 [Test worker] DEBUG org.springframework.test.context.BootstrapUtils - Instantiating CacheAwareContextLoaderDelegate from class [org.springframework.test.context.cache.DefaultCacheAwareContextLoaderDelegate]
00:35:03.323 [Test worker] DEBUG org.springframework.test.context.BootstrapUtils - Instantiating BootstrapContext using constructor [public org.springframework.test.context.support.DefaultBootstrapContext(java.lang.Class,org.springframework.test.context.CacheAwareContextLoaderDelegate)]
00:35:03.355 [Test worker] DEBUG org.springframework.test.context.BootstrapUtils - Instantiating TestContextBootstrapper for test class [com.takado.myportfoliobackend.client.NbpClientTest] from class [org.springframework.boot.test.context.SpringBootTestContextBootstrapper]
00:35:03.370 [Test worker] INFO org.springframework.boot.test.context.SpringBootTestContextBootstrapper - Neither @ContextConfiguration nor @ContextHierarchy found for test class [com.takado.myportfoliobackend.client.NbpClientTest], using SpringBootContextLoader
00:35:03.386 [Test worker] DEBUG org.springframework.test.context.support.AbstractContextLoader - Did not detect default resource location for test class [com.takado.myportfoliobackend.client.NbpClientTest]: class path resource [com/takado/myportfoliobackend/client/NbpClientTest-context.xml] does not exist
00:35:03.386 [Test worker] DEBUG org.springframework.test.context.support.AbstractContextLoader - Did not detect default resource location for test class [com.takado.myportfoliobackend.client.NbpClientTest]: class path resource [com/takado/myportfoliobackend/client/NbpClientTestContext.groovy] does not exist
00:35:03.386 [Test worker] INFO org.springframework.test.context.support.AbstractContextLoader - Could not detect default resource locations for test class [com.takado.myportfoliobackend.client.NbpClientTest]: no resource found for suffixes {-context.xml, Context.groovy}.
00:35:03.386 [Test worker] INFO org.springframework.test.context.support.AnnotationConfigContextLoaderUtils - Could not detect default configuration classes for test class [com.takado.myportfoliobackend.client.NbpClientTest]: NbpClientTest does not declare any static, non-private, non-final, nested classes annotated with @Configuration.
00:35:03.424 [Test worker] DEBUG org.springframework.test.context.support.ActiveProfilesUtils - Could not find an 'annotation declaring class' for annotation type [org.springframework.test.context.ActiveProfiles] and class [com.takado.myportfoliobackend.client.NbpClientTest]
00:35:03.493 [Test worker] DEBUG org.springframework.context.annotation.ClassPathScanningCandidateComponentProvider - Identified candidate component class: file [C:\Users\korne\Desktop\myPortfolioBackend\build\classes\java\main\com\takado\myportfoliobackend\MyPortfolioBackendApplication.class]
00:35:03.493 [Test worker] INFO org.springframework.boot.test.context.SpringBootTestContextBootstrapper - Found @SpringBootConfiguration com.takado.myportfoliobackend.MyPortfolioBackendApplication for test class com.takado.myportfoliobackend.client.NbpClientTest
00:35:03.593 [Test worker] DEBUG org.springframework.boot.test.context.SpringBootTestContextBootstrapper - @TestExecutionListeners is not present for class [com.takado.myportfoliobackend.client.NbpClientTest]: using defaults.
00:35:03.593 [Test worker] INFO org.springframework.boot.test.context.SpringBootTestContextBootstrapper - Loaded default TestExecutionListener class names from location [META-INF/spring.factories]: [org.springframework.boot.test.autoconfigure.restdocs.RestDocsTestExecutionListener, org.springframework.boot.test.autoconfigure.web.client.MockRestServiceServerResetTestExecutionListener, org.springframework.boot.test.autoconfigure.web.servlet.MockMvcPrintOnlyOnFailureTestExecutionListener, org.springframework.boot.test.autoconfigure.web.servlet.WebDriverTestExecutionListener, org.springframework.boot.test.autoconfigure.webservices.client.MockWebServiceServerTestExecutionListener, org.springframework.boot.test.mock.mockito.MockitoTestExecutionListener, org.springframework.boot.test.mock.mockito.ResetMocksTestExecutionListener, org.springframework.test.context.web.ServletTestExecutionListener, org.springframework.test.context.support.DirtiesContextBeforeModesTestExecutionListener, org.springframework.test.context.event.ApplicationEventsTestExecutionListener, org.springframework.test.context.support.DependencyInjectionTestExecutionListener, org.springframework.test.context.support.DirtiesContextTestExecutionListener, org.springframework.test.context.transaction.TransactionalTestExecutionListener, org.springframework.test.context.jdbc.SqlScriptsTestExecutionListener, org.springframework.test.context.event.EventPublishingTestExecutionListener]
00:35:03.624 [Test worker] INFO org.springframework.boot.test.context.SpringBootTestContextBootstrapper - Using TestExecutionListeners: [org.springframework.test.context.web.ServletTestExecutionListener@38875e7d, org.springframework.test.context.support.DirtiesContextBeforeModesTestExecutionListener@1e886a5b, org.springframework.test.context.event.ApplicationEventsTestExecutionListener@d816dde, org.springframework.boot.test.mock.mockito.MockitoTestExecutionListener@6e33c391, org.springframework.boot.test.autoconfigure.SpringBootDependencyInjectionTestExecutionListener@6c451c9c, org.springframework.test.context.support.DirtiesContextTestExecutionListener@31c269fd, org.springframework.test.context.transaction.TransactionalTestExecutionListener@372b0d86, org.springframework.test.context.jdbc.SqlScriptsTestExecutionListener@47747fb9, org.springframework.test.context.event.EventPublishingTestExecutionListener@3113a37, org.springframework.boot.test.autoconfigure.restdocs.RestDocsTestExecutionListener@213e3629, org.springframework.boot.test.autoconfigure.web.client.MockRestServiceServerResetTestExecutionListener@4e9658b5, org.springframework.boot.test.autoconfigure.web.servlet.MockMvcPrintOnlyOnFailureTestExecutionListener@2a7b6f69, org.springframework.boot.test.autoconfigure.web.servlet.WebDriverTestExecutionListener@20312893, org.springframework.boot.test.autoconfigure.webservices.client.MockWebServiceServerTestExecutionListener@70eecdc2, org.springframework.boot.test.mock.mockito.ResetMocksTestExecutionListener@c41709a]
00:35:03.624 [Test worker] DEBUG org.springframework.test.context.support.AbstractDirtiesContextTestExecutionListener - Before test class: context [DefaultTestContext@52d10fb8 testClass = NbpClientTest, testInstance = [null], testMethod = [null], testException = [null], mergedContextConfiguration = [WebMergedContextConfiguration@41c07648 testClass = NbpClientTest, locations = '{}', classes = '{class com.takado.myportfoliobackend.MyPortfolioBackendApplication}', contextInitializerClasses = '[]', activeProfiles = '{}', propertySourceLocations = '{}', propertySourceProperties = '{org.springframework.boot.test.context.SpringBootTestContextBootstrapper=true}', contextCustomizers = set[org.springframework.boot.test.autoconfigure.actuate.metrics.MetricsExportContextCustomizerFactory$DisableMetricExportContextCustomizer@698122b2, org.springframework.boot.test.autoconfigure.properties.PropertyMappingContextCustomizer@0, org.springframework.boot.test.autoconfigure.web.servlet.WebDriverContextCustomizerFactory$Customizer@5e81e5ac, org.springframework.boot.test.context.filter.ExcludeFilterContextCustomizer@6035b93b, org.springframework.boot.test.json.DuplicateJsonObjectContextCustomizerFactory$DuplicateJsonObjectContextCustomizer@abf688e, org.springframework.boot.test.mock.mockito.MockitoContextCustomizer@0, org.springframework.boot.test.web.client.TestRestTemplateContextCustomizer@607fbe09, org.springframework.boot.test.context.SpringBootTestArgs@1, org.springframework.boot.test.context.SpringBootTestWebEnvironment@b86de0d], resourceBasePath = 'src/main/webapp', contextLoader = 'org.springframework.boot.test.context.SpringBootContextLoader', parent = [null]], attributes = map['org.springframework.test.context.web.ServletTestExecutionListener.activateListener' -> true]], class annotated with @DirtiesContext [false] with mode [null].
00:35:03.656 [Test worker] DEBUG org.springframework.test.context.support.TestPropertySourceUtils - Adding inlined properties to environment: {spring.jmx.enabled=false, org.springframework.boot.test.context.SpringBootTestContextBootstrapper=true}

  .   ____          _            __ _ _
 /\\ / ___'_ __ _ _(_)_ __  __ _ \ \ \ \
( ( )\___ | '_ | '_| | '_ \/ _` | \ \ \ \
 \\/  ___)| |_)| | | | | || (_| |  ) ) ) )
  '  |____| .__|_| |_|_| |_\__, | / / / /
 =========|_|==============|___/=/_/_/_/
 :: Spring Boot ::                (v2.5.5)

2021-10-18 00:35:03.956  INFO 4100 --- [    Test worker] c.t.m.client.NbpClientTest               : Starting NbpClientTest using Java 11.0.10 on LAPTOP-LF601L0C with PID 4100 (started by korne in C:\Users\korne\Desktop\myPortfolioBackend)
2021-10-18 00:35:03.956  INFO 4100 --- [    Test worker] c.t.m.client.NbpClientTest               : No active profile set, falling back to default profiles: default
2021-10-18 00:35:04.812  INFO 4100 --- [    Test worker] .s.d.r.c.RepositoryConfigurationDelegate : Multiple Spring Data modules found, entering strict repository configuration mode!
2021-10-18 00:35:04.827  INFO 4100 --- [    Test worker] .s.d.r.c.RepositoryConfigurationDelegate : Bootstrapping Spring Data JDBC repositories in DEFAULT mode.
2021-10-18 00:35:04.858  INFO 4100 --- [    Test worker] .RepositoryConfigurationExtensionSupport : Spring Data JDBC - Could not safely identify store assignment for repository candidate interface com.takado.myportfoliobackend.repository.AssetRepository. If you want this repository to be a JDBC repository, consider annotating your entities with one of these annotations: org.springframework.data.relational.core.mapping.Table.
2021-10-18 00:35:04.858  INFO 4100 --- [    Test worker] .s.d.r.c.RepositoryConfigurationDelegate : Finished Spring Data repository scanning in 32 ms. Found 0 JDBC repository interfaces.
2021-10-18 00:35:04.874  INFO 4100 --- [    Test worker] .s.d.r.c.RepositoryConfigurationDelegate : Multiple Spring Data modules found, entering strict repository configuration mode!
2021-10-18 00:35:04.874  INFO 4100 --- [    Test worker] .s.d.r.c.RepositoryConfigurationDelegate : Bootstrapping Spring Data JPA repositories in DEFAULT mode.
2021-10-18 00:35:04.912  INFO 4100 --- [    Test worker] .s.d.r.c.RepositoryConfigurationDelegate : Finished Spring Data repository scanning in 34 ms. Found 1 JPA repository interfaces.
2021-10-18 00:35:05.576  INFO 4100 --- [    Test worker] o.hibernate.jpa.internal.util.LogHelper  : HHH000204: Processing PersistenceUnitInfo [name: default]
2021-10-18 00:35:05.645  INFO 4100 --- [    Test worker] org.hibernate.Version                    : HHH000412: Hibernate ORM core version 5.4.32.Final
2021-10-18 00:35:05.814  INFO 4100 --- [    Test worker] o.hibernate.annotations.common.Version   : HCANN000001: Hibernate Commons Annotations {5.1.2.Final}
2021-10-18 00:35:05.946  INFO 4100 --- [    Test worker] com.zaxxer.hikari.HikariDataSource       : HikariPool-1 - Starting...
2021-10-18 00:35:06.146  INFO 4100 --- [    Test worker] com.zaxxer.hikari.HikariDataSource       : HikariPool-1 - Start completed.
2021-10-18 00:35:06.162  INFO 4100 --- [    Test worker] org.hibernate.dialect.Dialect            : HHH000400: Using dialect: org.hibernate.dialect.MySQL57Dialect
2021-10-18 00:35:06.864  INFO 4100 --- [    Test worker] o.h.e.t.j.p.i.JtaPlatformInitiator       : HHH000490: Using JtaPlatform implementation: [org.hibernate.engine.transaction.jta.platform.internal.NoJtaPlatform]
2021-10-18 00:35:06.879  INFO 4100 --- [    Test worker] j.LocalContainerEntityManagerFactoryBean : Initialized JPA EntityManagerFactory for persistence unit 'default'
2021-10-18 00:35:07.503  WARN 4100 --- [    Test worker] JpaBaseConfiguration$JpaWebConfiguration : spring.jpa.open-in-view is enabled by default. Therefore, database queries may be performed during view rendering. Explicitly configure spring.jpa.open-in-view to disable this warning
2021-10-18 00:35:08.252  INFO 4100 --- [    Test worker] c.t.m.client.NbpClientTest               : Started NbpClientTest in 4.585 seconds (JVM running for 5.95)

getting price...

3.9413

end getting price
]]></system-out>
  <system-err><![CDATA[]]></system-err>
</testsuite>
