<?xml version="1.0" encoding="UTF-8"?>
<testsuite name="com.takado.myportfoliobackend.client.NbpClientTest" tests="1" skipped="0" failures="0" errors="0" timestamp="2021-11-03T13:03:25" hostname="LAPTOP-LF601L0C" time="0.186">
  <properties/>
  <testcase name="getExchangeRate()" classname="com.takado.myportfoliobackend.client.NbpClientTest" time="0.186"/>
  <system-out><![CDATA[2021-11-03 14:03:25.923  INFO 2460 --- [    Test worker] .b.t.c.SpringBootTestContextBootstrapper : Neither @ContextConfiguration nor @ContextHierarchy found for test class [com.takado.myportfoliobackend.client.NbpClientTest], using SpringBootContextLoader
2021-11-03 14:03:25.923  INFO 2460 --- [    Test worker] o.s.t.c.support.AbstractContextLoader    : Could not detect default resource locations for test class [com.takado.myportfoliobackend.client.NbpClientTest]: no resource found for suffixes {-context.xml, Context.groovy}.
2021-11-03 14:03:25.923  INFO 2460 --- [    Test worker] t.c.s.AnnotationConfigContextLoaderUtils : Could not detect default configuration classes for test class [com.takado.myportfoliobackend.client.NbpClientTest]: NbpClientTest does not declare any static, non-private, non-final, nested classes annotated with @Configuration.
2021-11-03 14:03:25.938  INFO 2460 --- [    Test worker] .b.t.c.SpringBootTestContextBootstrapper : Found @SpringBootConfiguration com.takado.myportfoliobackend.MyPortfolioBackendApplication for test class com.takado.myportfoliobackend.client.NbpClientTest
2021-11-03 14:03:25.938  INFO 2460 --- [    Test worker] .b.t.c.SpringBootTestContextBootstrapper : Loaded default TestExecutionListener class names from location [META-INF/spring.factories]: [org.springframework.boot.test.autoconfigure.restdocs.RestDocsTestExecutionListener, org.springframework.boot.test.autoconfigure.web.client.MockRestServiceServerResetTestExecutionListener, org.springframework.boot.test.autoconfigure.web.servlet.MockMvcPrintOnlyOnFailureTestExecutionListener, org.springframework.boot.test.autoconfigure.web.servlet.WebDriverTestExecutionListener, org.springframework.boot.test.autoconfigure.webservices.client.MockWebServiceServerTestExecutionListener, org.springframework.boot.test.mock.mockito.MockitoTestExecutionListener, org.springframework.boot.test.mock.mockito.ResetMocksTestExecutionListener, org.springframework.test.context.web.ServletTestExecutionListener, org.springframework.test.context.support.DirtiesContextBeforeModesTestExecutionListener, org.springframework.test.context.event.ApplicationEventsTestExecutionListener, org.springframework.test.context.support.DependencyInjectionTestExecutionListener, org.springframework.test.context.support.DirtiesContextTestExecutionListener, org.springframework.test.context.transaction.TransactionalTestExecutionListener, org.springframework.test.context.jdbc.SqlScriptsTestExecutionListener, org.springframework.test.context.event.EventPublishingTestExecutionListener]
2021-11-03 14:03:25.938  INFO 2460 --- [    Test worker] .b.t.c.SpringBootTestContextBootstrapper : Using TestExecutionListeners: [org.springframework.test.context.web.ServletTestExecutionListener@7ab17cf, org.springframework.test.context.support.DirtiesContextBeforeModesTestExecutionListener@26f0ab88, org.springframework.test.context.event.ApplicationEventsTestExecutionListener@6e49863e, org.springframework.boot.test.mock.mockito.MockitoTestExecutionListener@361b2995, org.springframework.boot.test.autoconfigure.SpringBootDependencyInjectionTestExecutionListener@69d145f6, org.springframework.test.context.support.DirtiesContextTestExecutionListener@4a5e0faf, org.springframework.test.context.transaction.TransactionalTestExecutionListener@680408ac, org.springframework.test.context.jdbc.SqlScriptsTestExecutionListener@73cd3b8, org.springframework.test.context.event.EventPublishingTestExecutionListener@6421d85c, org.springframework.boot.test.autoconfigure.restdocs.RestDocsTestExecutionListener@5eb89000, org.springframework.boot.test.autoconfigure.web.client.MockRestServiceServerResetTestExecutionListener@16b1b213, org.springframework.boot.test.autoconfigure.web.servlet.MockMvcPrintOnlyOnFailureTestExecutionListener@77f1026e, org.springframework.boot.test.autoconfigure.web.servlet.WebDriverTestExecutionListener@1df8c7f4, org.springframework.boot.test.autoconfigure.webservices.client.MockWebServiceServerTestExecutionListener@75a6cdb, org.springframework.boot.test.mock.mockito.ResetMocksTestExecutionListener@1ce07709]

getting price...

3.9681

end getting price
]]></system-out>
  <system-err><![CDATA[]]></system-err>
</testsuite>
