<?xml version="1.0" encoding="UTF-8"?>
<testsuite name="com.takado.myportfoliobackend.client.NbpClientTest" tests="1" skipped="0" failures="0" errors="0" timestamp="2021-10-27T18:40:26" hostname="LAPTOP-LF601L0C" time="0.073">
  <properties/>
  <testcase name="getExchangeRate()" classname="com.takado.myportfoliobackend.client.NbpClientTest" time="0.073"/>
  <system-out><![CDATA[2021-10-27 20:40:26.339  INFO 21744 --- [    Test worker] .b.t.c.SpringBootTestContextBootstrapper : Neither @ContextConfiguration nor @ContextHierarchy found for test class [com.takado.myportfoliobackend.client.NbpClientTest], using SpringBootContextLoader
2021-10-27 20:40:26.340  INFO 21744 --- [    Test worker] o.s.t.c.support.AbstractContextLoader    : Could not detect default resource locations for test class [com.takado.myportfoliobackend.client.NbpClientTest]: no resource found for suffixes {-context.xml, Context.groovy}.
2021-10-27 20:40:26.341  INFO 21744 --- [    Test worker] t.c.s.AnnotationConfigContextLoaderUtils : Could not detect default configuration classes for test class [com.takado.myportfoliobackend.client.NbpClientTest]: NbpClientTest does not declare any static, non-private, non-final, nested classes annotated with @Configuration.
2021-10-27 20:40:26.342  INFO 21744 --- [    Test worker] .b.t.c.SpringBootTestContextBootstrapper : Found @SpringBootConfiguration com.takado.myportfoliobackend.MyPortfolioBackendApplication for test class com.takado.myportfoliobackend.client.NbpClientTest
2021-10-27 20:40:26.345  INFO 21744 --- [    Test worker] .b.t.c.SpringBootTestContextBootstrapper : Loaded default TestExecutionListener class names from location [META-INF/spring.factories]: [org.springframework.boot.test.autoconfigure.restdocs.RestDocsTestExecutionListener, org.springframework.boot.test.autoconfigure.web.client.MockRestServiceServerResetTestExecutionListener, org.springframework.boot.test.autoconfigure.web.servlet.MockMvcPrintOnlyOnFailureTestExecutionListener, org.springframework.boot.test.autoconfigure.web.servlet.WebDriverTestExecutionListener, org.springframework.boot.test.autoconfigure.webservices.client.MockWebServiceServerTestExecutionListener, org.springframework.boot.test.mock.mockito.MockitoTestExecutionListener, org.springframework.boot.test.mock.mockito.ResetMocksTestExecutionListener, org.springframework.test.context.web.ServletTestExecutionListener, org.springframework.test.context.support.DirtiesContextBeforeModesTestExecutionListener, org.springframework.test.context.event.ApplicationEventsTestExecutionListener, org.springframework.test.context.support.DependencyInjectionTestExecutionListener, org.springframework.test.context.support.DirtiesContextTestExecutionListener, org.springframework.test.context.transaction.TransactionalTestExecutionListener, org.springframework.test.context.jdbc.SqlScriptsTestExecutionListener, org.springframework.test.context.event.EventPublishingTestExecutionListener]
2021-10-27 20:40:26.346  INFO 21744 --- [    Test worker] .b.t.c.SpringBootTestContextBootstrapper : Using TestExecutionListeners: [org.springframework.test.context.web.ServletTestExecutionListener@4b02dc4e, org.springframework.test.context.support.DirtiesContextBeforeModesTestExecutionListener@b67b359, org.springframework.test.context.event.ApplicationEventsTestExecutionListener@98c4a8b, org.springframework.boot.test.mock.mockito.MockitoTestExecutionListener@130bd00e, org.springframework.boot.test.autoconfigure.SpringBootDependencyInjectionTestExecutionListener@4eb69e8d, org.springframework.test.context.support.DirtiesContextTestExecutionListener@78fd1179, org.springframework.test.context.transaction.TransactionalTestExecutionListener@13cec4ff, org.springframework.test.context.jdbc.SqlScriptsTestExecutionListener@5e08ed28, org.springframework.test.context.event.EventPublishingTestExecutionListener@24b05292, org.springframework.boot.test.autoconfigure.restdocs.RestDocsTestExecutionListener@34d6e9a4, org.springframework.boot.test.autoconfigure.web.client.MockRestServiceServerResetTestExecutionListener@515a2afd, org.springframework.boot.test.autoconfigure.web.servlet.MockMvcPrintOnlyOnFailureTestExecutionListener@4822fc53, org.springframework.boot.test.autoconfigure.web.servlet.WebDriverTestExecutionListener@6e200307, org.springframework.boot.test.autoconfigure.webservices.client.MockWebServiceServerTestExecutionListener@6db84cae, org.springframework.boot.test.mock.mockito.ResetMocksTestExecutionListener@6db59e26]

getting price...

3.9815

end getting price
]]></system-out>
  <system-err><![CDATA[]]></system-err>
</testsuite>
