<?xml version="1.0" encoding="UTF-8"?>
<testsuite name="com.takado.myportfoliobackend.MyPortfolioBackendApplicationTests" tests="1" skipped="0" failures="0" errors="0" timestamp="2021-11-03T13:03:26" hostname="LAPTOP-LF601L0C" time="0.013">
  <properties/>
  <testcase name="contextLoads()" classname="com.takado.myportfoliobackend.MyPortfolioBackendApplicationTests" time="0.013"/>
  <system-out><![CDATA[2021-11-03 14:03:26.889  INFO 2460 --- [    Test worker] .b.t.c.SpringBootTestContextBootstrapper : Neither @ContextConfiguration nor @ContextHierarchy found for test class [com.takado.myportfoliobackend.MyPortfolioBackendApplicationTests], using SpringBootContextLoader
2021-11-03 14:03:26.889  INFO 2460 --- [    Test worker] o.s.t.c.support.AbstractContextLoader    : Could not detect default resource locations for test class [com.takado.myportfoliobackend.MyPortfolioBackendApplicationTests]: no resource found for suffixes {-context.xml, Context.groovy}.
2021-11-03 14:03:26.889  INFO 2460 --- [    Test worker] t.c.s.AnnotationConfigContextLoaderUtils : Could not detect default configuration classes for test class [com.takado.myportfoliobackend.MyPortfolioBackendApplicationTests]: MyPortfolioBackendApplicationTests does not declare any static, non-private, non-final, nested classes annotated with @Configuration.
2021-11-03 14:03:26.905  INFO 2460 --- [    Test worker] .b.t.c.SpringBootTestContextBootstrapper : Found @SpringBootConfiguration com.takado.myportfoliobackend.MyPortfolioBackendApplication for test class com.takado.myportfoliobackend.MyPortfolioBackendApplicationTests
2021-11-03 14:03:26.905  INFO 2460 --- [    Test worker] .b.t.c.SpringBootTestContextBootstrapper : Loaded default TestExecutionListener class names from location [META-INF/spring.factories]: [org.springframework.boot.test.autoconfigure.restdocs.RestDocsTestExecutionListener, org.springframework.boot.test.autoconfigure.web.client.MockRestServiceServerResetTestExecutionListener, org.springframework.boot.test.autoconfigure.web.servlet.MockMvcPrintOnlyOnFailureTestExecutionListener, org.springframework.boot.test.autoconfigure.web.servlet.WebDriverTestExecutionListener, org.springframework.boot.test.autoconfigure.webservices.client.MockWebServiceServerTestExecutionListener, org.springframework.boot.test.mock.mockito.MockitoTestExecutionListener, org.springframework.boot.test.mock.mockito.ResetMocksTestExecutionListener, org.springframework.test.context.web.ServletTestExecutionListener, org.springframework.test.context.support.DirtiesContextBeforeModesTestExecutionListener, org.springframework.test.context.event.ApplicationEventsTestExecutionListener, org.springframework.test.context.support.DependencyInjectionTestExecutionListener, org.springframework.test.context.support.DirtiesContextTestExecutionListener, org.springframework.test.context.transaction.TransactionalTestExecutionListener, org.springframework.test.context.jdbc.SqlScriptsTestExecutionListener, org.springframework.test.context.event.EventPublishingTestExecutionListener]
2021-11-03 14:03:26.905  INFO 2460 --- [    Test worker] .b.t.c.SpringBootTestContextBootstrapper : Using TestExecutionListeners: [org.springframework.test.context.web.ServletTestExecutionListener@2d05d022, org.springframework.test.context.support.DirtiesContextBeforeModesTestExecutionListener@28806954, org.springframework.test.context.event.ApplicationEventsTestExecutionListener@7ff26b29, org.springframework.boot.test.mock.mockito.MockitoTestExecutionListener@24e0bdb, org.springframework.boot.test.autoconfigure.SpringBootDependencyInjectionTestExecutionListener@1495f70, org.springframework.test.context.support.DirtiesContextTestExecutionListener@2aa85cc4, org.springframework.test.context.transaction.TransactionalTestExecutionListener@466fd19b, org.springframework.test.context.jdbc.SqlScriptsTestExecutionListener@348d1a5e, org.springframework.test.context.event.EventPublishingTestExecutionListener@7f746160, org.springframework.boot.test.autoconfigure.restdocs.RestDocsTestExecutionListener@17524c36, org.springframework.boot.test.autoconfigure.web.client.MockRestServiceServerResetTestExecutionListener@2f89b44e, org.springframework.boot.test.autoconfigure.web.servlet.MockMvcPrintOnlyOnFailureTestExecutionListener@730a140b, org.springframework.boot.test.autoconfigure.web.servlet.WebDriverTestExecutionListener@2f29046b, org.springframework.boot.test.autoconfigure.webservices.client.MockWebServiceServerTestExecutionListener@2a1fce44, org.springframework.boot.test.mock.mockito.ResetMocksTestExecutionListener@48d6248d]
]]></system-out>
  <system-err><![CDATA[]]></system-err>
</testsuite>
